
  .   ____          _            __ _ _
 /\\ / ___'_ __ _ _(_)_ __  __ _ \ \ \ \
( ( )\___ | '_ | '_| | '_ \/ _` | \ \ \ \
 \\/  ___)| |_)| | | | | || (_| |  ) ) ) )
  '  |____| .__|_| |_|_| |_\__, | / / / /
 =========|_|==============|___/=/_/_/_/

 :: Spring Boot ::                (v3.4.1)

2026-06-02T01:13:36.421-05:00  INFO 46616 --- [asistencia-alamo] [           main] c.a.a.AsistenciaAlamoApplication         : Starting AsistenciaAlamoApplication v0.0.1-SNAPSHOT using Java 21.0.7 with PID 46616 (C:\Users\User\Desktop\ALAMO\target\asistencia-alamo-0.0.1-SNAPSHOT.jar started by User in C:\Users\User\Desktop\ALAMO)
2026-06-02T01:13:36.424-05:00  INFO 46616 --- [asistencia-alamo] [           main] c.a.a.AsistenciaAlamoApplication         : No active profile set, falling back to 1 default profile: "default"
2026-06-02T01:13:37.083-05:00  INFO 46616 --- [asistencia-alamo] [           main] .s.d.r.c.RepositoryConfigurationDelegate : Bootstrapping Spring Data JPA repositories in DEFAULT mode.
2026-06-02T01:13:37.198-05:00  INFO 46616 --- [asistencia-alamo] [           main] .s.d.r.c.RepositoryConfigurationDelegate : Finished Spring Data repository scanning in 100 ms. Found 23 JPA repository interfaces.
2026-06-02T01:13:37.746-05:00  INFO 46616 --- [asistencia-alamo] [           main] o.s.b.w.embedded.tomcat.TomcatWebServer  : Tomcat initialized with port 8080 (http)
2026-06-02T01:13:37.758-05:00  INFO 46616 --- [asistencia-alamo] [           main] o.apache.catalina.core.StandardService   : Starting service [Tomcat]
2026-06-02T01:13:37.759-05:00  INFO 46616 --- [asistencia-alamo] [           main] o.apache.catalina.core.StandardEngine    : Starting Servlet engine: [Apache Tomcat/10.1.34]
2026-06-02T01:13:37.788-05:00  INFO 46616 --- [asistencia-alamo] [           main] o.a.c.c.C.[Tomcat].[localhost].[/]       : Initializing Spring embedded WebApplicationContext
2026-06-02T01:13:37.789-05:00  INFO 46616 --- [asistencia-alamo] [           main] w.s.c.ServletWebServerApplicationContext : Root WebApplicationContext: initialization completed in 1321 ms
2026-06-02T01:13:37.928-05:00  INFO 46616 --- [asistencia-alamo] [           main] o.hibernate.jpa.internal.util.LogHelper  : HHH000204: Processing PersistenceUnitInfo [name: default]
2026-06-02T01:13:37.978-05:00  INFO 46616 --- [asistencia-alamo] [           main] org.hibernate.Version                    : HHH000412: Hibernate ORM core version 6.6.4.Final
2026-06-02T01:13:38.007-05:00  INFO 46616 --- [asistencia-alamo] [           main] o.h.c.internal.RegionFactoryInitiator    : HHH000026: Second-level cache disabled
2026-06-02T01:13:38.221-05:00  INFO 46616 --- [asistencia-alamo] [           main] o.s.o.j.p.SpringPersistenceUnitInfo      : No LoadTimeWeaver setup: ignoring JPA class transformer
2026-06-02T01:13:38.243-05:00  INFO 46616 --- [asistencia-alamo] [           main] com.zaxxer.hikari.HikariDataSource       : HikariPool-1 - Starting...
2026-06-02T01:13:38.379-05:00  INFO 46616 --- [asistencia-alamo] [           main] com.zaxxer.hikari.pool.HikariPool        : HikariPool-1 - Added connection com.mysql.cj.jdbc.ConnectionImpl@1a6dc5ea
2026-06-02T01:13:38.382-05:00  INFO 46616 --- [asistencia-alamo] [           main] com.zaxxer.hikari.HikariDataSource       : HikariPool-1 - Start completed.
2026-06-02T01:13:38.428-05:00  WARN 46616 --- [asistencia-alamo] [           main] org.hibernate.orm.deprecation            : HHH90000025: MySQL8Dialect does not need to be specified explicitly using 'hibernate.dialect' (remove the property setting and it will be selected by default)
2026-06-02T01:13:38.429-05:00  WARN 46616 --- [asistencia-alamo] [           main] org.hibernate.orm.deprecation            : HHH90000026: MySQL8Dialect has been deprecated; use org.hibernate.dialect.MySQLDialect instead
2026-06-02T01:13:38.445-05:00  INFO 46616 --- [asistencia-alamo] [           main] org.hibernate.orm.connections.pooling    : HHH10001005: Database info:
	Database JDBC URL [Connecting through datasource 'HikariDataSource (HikariPool-1)']
	Database driver: undefined/unknown
	Database version: 8.0
	Autocommit mode: undefined/unknown
	Isolation level: undefined/unknown
	Minimum pool size: undefined/unknown
	Maximum pool size: undefined/unknown
2026-06-02T01:13:39.450-05:00  INFO 46616 --- [asistencia-alamo] [           main] o.h.e.t.j.p.i.JtaPlatformInitiator       : HHH000489: No JTA platform available (set 'hibernate.transaction.jta.platform' to enable JTA platform integration)
Hibernate: alter table tb_usuario_formacion modify column estado enum ('COMPLETO','EN_CURSO','INCOMPLETO') not null
Hibernate: alter table tb_usuario_formacion modify column nivel enum ('INICIAL','OTRO','POSTGRADO','PRIMARIA','SECUNDARIA','TECNICO','UNIVERSITARIO') not null
2026-06-02T01:13:39.622-05:00  INFO 46616 --- [asistencia-alamo] [           main] j.LocalContainerEntityManagerFactoryBean : Initialized JPA EntityManagerFactory for persistence unit 'default'
2026-06-02T01:13:39.963-05:00  INFO 46616 --- [asistencia-alamo] [           main] o.s.d.j.r.query.QueryEnhancerFactory     : Hibernate is in classpath; If applicable, HQL parser will be used.
2026-06-02T01:13:42.248-05:00  WARN 46616 --- [asistencia-alamo] [           main] JpaBaseConfiguration$JpaWebConfiguration : spring.jpa.open-in-view is enabled by default. Therefore, database queries may be performed during view rendering. Explicitly configure spring.jpa.open-in-view to disable this warning
2026-06-02T01:13:42.263-05:00  INFO 46616 --- [asistencia-alamo] [           main] o.s.b.a.w.s.WelcomePageHandlerMapping    : Adding welcome page: class path resource [static/index.html]
2026-06-02T01:13:42.640-05:00  INFO 46616 --- [asistencia-alamo] [           main] o.s.b.w.embedded.tomcat.TomcatWebServer  : Tomcat started on port 8080 (http) with context path '/'
2026-06-02T01:13:42.658-05:00  INFO 46616 --- [asistencia-alamo] [           main] c.a.a.AsistenciaAlamoApplication         : Started AsistenciaAlamoApplication in 6.604 seconds (process running for 7.093)
2026-06-02T01:13:55.858-05:00  INFO 46616 --- [asistencia-alamo] [nio-8080-exec-1] o.a.c.c.C.[Tomcat].[localhost].[/]       : Initializing Spring DispatcherServlet 'dispatcherServlet'
2026-06-02T01:13:55.862-05:00  INFO 46616 --- [asistencia-alamo] [nio-8080-exec-1] o.s.web.servlet.DispatcherServlet        : Initializing Servlet 'dispatcherServlet'
2026-06-02T01:13:55.864-05:00  INFO 46616 --- [asistencia-alamo] [nio-8080-exec-1] o.s.web.servlet.DispatcherServlet        : Completed initialization in 2 ms
Hibernate: select count(pe1_0.id_permiso) from tb_permiso_extra pe1_0 where pe1_0.estado=?
Hibernate: select count(pe1_0.id_permiso) from tb_permiso_extra pe1_0 where pe1_0.estado=?
Hibernate: select count(pe1_0.id_permiso) from tb_permiso_extra pe1_0 where pe1_0.estado=?
Hibernate: select count(pe1_0.id_permiso) from tb_permiso_extra pe1_0 where pe1_0.estado=?
Hibernate: select count(pe1_0.id_permiso) from tb_permiso_extra pe1_0 where pe1_0.estado=?
Hibernate: select u1_0.id_usuario,u1_0.antecedentes_nombre,u1_0.antecedentes_policiales_nombre,u1_0.apellido_materno,u1_0.apellido_paterno,u1_0.banca_movil,u1_0.banco,u1_0.biografia,u1_0.cargo,u1_0.certiadulto_nombre,u1_0.certificaciones,u1_0.certijoven_nombre,u1_0.contrasenia,u1_0.coordenadas,u1_0.correo,u1_0.cuenta_bancaria,u1_0.cuenta_interbancaria,u1_0.cv_nombre,u1_0.direccion,u1_0.dni,u1_0.estado,u1_0.estado_civil,u1_0.fecha_creacion,u1_0.fecha_ingreso,u1_0.fecha_modificacion,u1_0.fecha_nacimiento,u1_0.foto_perfil,u1_0.foto_id_nombre,u1_0.foto_id_nombre_trasera,u1_0.grupo_sanguineo,u1_0.id_dep,u1_0.id_dist,u1_0.id_prov,u1_0.idiomas,u1_0.instituciones_educativas,u1_0.modalidad,u1_0.nacionalidad,u1_0.nivel_educativo,u1_0.nombre_contacto_emergencia,u1_0.nombres,u1_0.numero_ruc,u1_0.id_rol,u1_0.referencia,u1_0.relacion_contacto_emergencia,u1_0.ruta_cv,u1_0.ruta_antecedentes,u1_0.ruta_antecedentes_policiales,u1_0.ruta_certiadulto,u1_0.ruta_certijoven,u1_0.ruta_foto_id,u1_0.ruta_foto_id_trasera,u1_0.secundaria_fin,u1_0.secundaria_inicio,u1_0.sexo,u1_0.telefono,u1_0.telefono_emergencia,u1_0.tiene_antecedentes,u1_0.tipo_contrato,u1_0.tipo_seguro,u1_0.universidad_fin,u1_0.universidad_inicio from tb_usuario u1_0 where u1_0.dni=? and u1_0.contrasenia=?
Hibernate: select r1_0.id_rol,r1_0.descripcion from tb_rol r1_0 where r1_0.id_rol=?
Hibernate: select count(pe1_0.id_permiso) from tb_permiso_extra pe1_0 where pe1_0.estado=?
Hibernate: select count(t1_0.id_tarea) from tb_tarea t1_0 join tb_usuario r1_0 on r1_0.id_usuario=t1_0.id_responsable where r1_0.id_usuario=? and t1_0.activo and not(t1_0.es_proyecto) and t1_0.estado<>?
Hibernate: select count(pe1_0.id_permiso) from tb_permiso_extra pe1_0 where pe1_0.estado=?
Hibernate: SELECT * FROM tb_usuario WHERE MONTH(fecha_nacimiento) = ? AND estado = 'ACTIVO'
Hibernate: SELECT * FROM tb_saludos WHERE id_receptor = ? ORDER BY fecha_envio DESC
Hibernate: select count(pe1_0.id_permiso) from tb_permiso_extra pe1_0 where pe1_0.estado=?
Hibernate: select u1_0.id_usuario,u1_0.antecedentes_nombre,u1_0.antecedentes_policiales_nombre,u1_0.apellido_materno,u1_0.apellido_paterno,u1_0.banca_movil,u1_0.banco,u1_0.biografia,u1_0.cargo,u1_0.certiadulto_nombre,u1_0.certificaciones,u1_0.certijoven_nombre,u1_0.contrasenia,u1_0.coordenadas,u1_0.correo,u1_0.cuenta_bancaria,u1_0.cuenta_interbancaria,u1_0.cv_nombre,u1_0.direccion,u1_0.dni,u1_0.estado,u1_0.estado_civil,u1_0.fecha_creacion,u1_0.fecha_ingreso,u1_0.fecha_modificacion,u1_0.fecha_nacimiento,u1_0.foto_perfil,u1_0.foto_id_nombre,u1_0.foto_id_nombre_trasera,u1_0.grupo_sanguineo,u1_0.id_dep,u1_0.id_dist,u1_0.id_prov,u1_0.idiomas,u1_0.instituciones_educativas,u1_0.modalidad,u1_0.nacionalidad,u1_0.nivel_educativo,u1_0.nombre_contacto_emergencia,u1_0.nombres,u1_0.numero_ruc,u1_0.id_rol,u1_0.referencia,u1_0.relacion_contacto_emergencia,u1_0.ruta_cv,u1_0.ruta_antecedentes,u1_0.ruta_antecedentes_policiales,u1_0.ruta_certiadulto,u1_0.ruta_certijoven,u1_0.ruta_foto_id,u1_0.ruta_foto_id_trasera,u1_0.secundaria_fin,u1_0.secundaria_inicio,u1_0.sexo,u1_0.telefono,u1_0.telefono_emergencia,u1_0.tiene_antecedentes,u1_0.tipo_contrato,u1_0.tipo_seguro,u1_0.universidad_fin,u1_0.universidad_inicio from tb_usuario u1_0 where u1_0.dni=? and u1_0.contrasenia=?
Hibernate: select r1_0.id_rol,r1_0.descripcion from tb_rol r1_0 where r1_0.id_rol=?
Hibernate: select count(pe1_0.id_permiso) from tb_permiso_extra pe1_0 where pe1_0.estado=?
Hibernate: select count(t1_0.id_tarea) from tb_tarea t1_0 join tb_usuario r1_0 on r1_0.id_usuario=t1_0.id_responsable where r1_0.id_usuario=? and t1_0.activo and not(t1_0.es_proyecto) and t1_0.estado<>?
Hibernate: select count(pe1_0.id_permiso) from tb_permiso_extra pe1_0 where pe1_0.estado=?
Hibernate: SELECT * FROM tb_usuario WHERE MONTH(fecha_nacimiento) = ? AND estado = 'ACTIVO'
Hibernate: SELECT * FROM tb_saludos WHERE id_receptor = ? ORDER BY fecha_envio DESC
Hibernate: select count(pe1_0.id_permiso) from tb_permiso_extra pe1_0 where pe1_0.estado=?
Hibernate: select count(pe1_0.id_permiso) from tb_permiso_extra pe1_0 where pe1_0.estado=?
Hibernate: select count(pe1_0.id_permiso) from tb_permiso_extra pe1_0 where pe1_0.estado=?
Hibernate: select count(pe1_0.id_permiso) from tb_permiso_extra pe1_0 where pe1_0.estado=?
Hibernate: select u1_0.id_usuario,u1_0.antecedentes_nombre,u1_0.antecedentes_policiales_nombre,u1_0.apellido_materno,u1_0.apellido_paterno,u1_0.banca_movil,u1_0.banco,u1_0.biografia,u1_0.cargo,u1_0.certiadulto_nombre,u1_0.certificaciones,u1_0.certijoven_nombre,u1_0.contrasenia,u1_0.coordenadas,u1_0.correo,u1_0.cuenta_bancaria,u1_0.cuenta_interbancaria,u1_0.cv_nombre,u1_0.direccion,u1_0.dni,u1_0.estado,u1_0.estado_civil,u1_0.fecha_creacion,u1_0.fecha_ingreso,u1_0.fecha_modificacion,u1_0.fecha_nacimiento,u1_0.foto_perfil,u1_0.foto_id_nombre,u1_0.foto_id_nombre_trasera,u1_0.grupo_sanguineo,u1_0.id_dep,u1_0.id_dist,u1_0.id_prov,u1_0.idiomas,u1_0.instituciones_educativas,u1_0.modalidad,u1_0.nacionalidad,u1_0.nivel_educativo,u1_0.nombre_contacto_emergencia,u1_0.nombres,u1_0.numero_ruc,u1_0.id_rol,u1_0.referencia,u1_0.relacion_contacto_emergencia,u1_0.ruta_cv,u1_0.ruta_antecedentes,u1_0.ruta_antecedentes_policiales,u1_0.ruta_certiadulto,u1_0.ruta_certijoven,u1_0.ruta_foto_id,u1_0.ruta_foto_id_trasera,u1_0.secundaria_fin,u1_0.secundaria_inicio,u1_0.sexo,u1_0.telefono,u1_0.telefono_emergencia,u1_0.tiene_antecedentes,u1_0.tipo_contrato,u1_0.tipo_seguro,u1_0.universidad_fin,u1_0.universidad_inicio from tb_usuario u1_0 where u1_0.dni=? and u1_0.contrasenia=?
Hibernate: select r1_0.id_rol,r1_0.descripcion from tb_rol r1_0 where r1_0.id_rol=?
Hibernate: select count(pe1_0.id_permiso) from tb_permiso_extra pe1_0 where pe1_0.estado=?
Hibernate: select count(t1_0.id_tarea) from tb_tarea t1_0 join tb_usuario r1_0 on r1_0.id_usuario=t1_0.id_responsable where r1_0.id_usuario=? and t1_0.activo and not(t1_0.es_proyecto) and t1_0.estado<>?
Hibernate: select count(pe1_0.id_permiso) from tb_permiso_extra pe1_0 where pe1_0.estado=?
Hibernate: SELECT * FROM tb_usuario WHERE MONTH(fecha_nacimiento) = ? AND estado = 'ACTIVO'
Hibernate: SELECT * FROM tb_saludos WHERE id_receptor = ? ORDER BY fecha_envio DESC
Hibernate: select count(pe1_0.id_permiso) from tb_permiso_extra pe1_0 where pe1_0.estado=?
Hibernate: select count(t1_0.id_tarea) from tb_tarea t1_0 join tb_usuario r1_0 on r1_0.id_usuario=t1_0.id_responsable where r1_0.id_usuario=? and t1_0.activo and not(t1_0.es_proyecto) and t1_0.estado<>?
Hibernate: select count(pe1_0.id_permiso) from tb_permiso_extra pe1_0 where pe1_0.estado=?
Hibernate: select pe1_0.id_permiso,pe1_0.id_admin_aprobador,pe1_0.estado,pe1_0.fecha_aprobacion,pe1_0.fecha_solicitud,pe1_0.motivo,pe1_0.usado,pe1_0.id_usuario from tb_permiso_extra pe1_0 left join tb_usuario u1_0 on u1_0.id_usuario=pe1_0.id_usuario where u1_0.id_usuario=? and pe1_0.fecha_solicitud=? and pe1_0.estado=? and not(pe1_0.usado)
Hibernate: SELECT * FROM tb_usuario WHERE MONTH(fecha_nacimiento) = ? AND estado = 'ACTIVO'
Hibernate: select a1_0.id_asistencia,a1_0.estado_asistencia,a1_0.fecha,a1_0.hora_entrada,a1_0.hora_salida,a1_0.horas_trabajadas,a1_0.minutos_extra,a1_0.minutos_tardanza,a1_0.ubicacion,a1_0.id_usuario from tb_asistencia a1_0 left join tb_usuario u1_0 on u1_0.id_usuario=a1_0.id_usuario where u1_0.id_usuario=? and a1_0.fecha=?
Hibernate: select count(pe1_0.id_permiso) from tb_permiso_extra pe1_0 where pe1_0.estado=?
Hibernate: select count(t1_0.id_tarea) from tb_tarea t1_0 join tb_usuario r1_0 on r1_0.id_usuario=t1_0.id_responsable where r1_0.id_usuario=? and t1_0.activo and not(t1_0.es_proyecto) and t1_0.estado<>?
Hibernate: select count(pe1_0.id_permiso) from tb_permiso_extra pe1_0 where pe1_0.estado=?
Hibernate: select u1_0.id_usuario,u1_0.antecedentes_nombre,u1_0.antecedentes_policiales_nombre,u1_0.apellido_materno,u1_0.apellido_paterno,u1_0.banca_movil,u1_0.banco,u1_0.biografia,u1_0.cargo,u1_0.certiadulto_nombre,u1_0.certificaciones,u1_0.certijoven_nombre,u1_0.contrasenia,u1_0.coordenadas,u1_0.correo,u1_0.cuenta_bancaria,u1_0.cuenta_interbancaria,u1_0.cv_nombre,u1_0.direccion,u1_0.dni,u1_0.estado,u1_0.estado_civil,u1_0.fecha_creacion,u1_0.fecha_ingreso,u1_0.fecha_modificacion,u1_0.fecha_nacimiento,u1_0.foto_perfil,u1_0.foto_id_nombre,u1_0.foto_id_nombre_trasera,u1_0.grupo_sanguineo,u1_0.id_dep,u1_0.id_dist,u1_0.id_prov,u1_0.idiomas,u1_0.instituciones_educativas,u1_0.modalidad,u1_0.nacionalidad,u1_0.nivel_educativo,u1_0.nombre_contacto_emergencia,u1_0.nombres,u1_0.numero_ruc,u1_0.id_rol,or1_0.id_rol,or1_0.descripcion,u1_0.referencia,u1_0.relacion_contacto_emergencia,u1_0.ruta_cv,u1_0.ruta_antecedentes,u1_0.ruta_antecedentes_policiales,u1_0.ruta_certiadulto,u1_0.ruta_certijoven,u1_0.ruta_foto_id,u1_0.ruta_foto_id_trasera,u1_0.secundaria_fin,u1_0.secundaria_inicio,u1_0.sexo,u1_0.telefono,u1_0.telefono_emergencia,u1_0.tiene_antecedentes,u1_0.tipo_contrato,u1_0.tipo_seguro,u1_0.universidad_fin,u1_0.universidad_inicio from tb_usuario u1_0 join tb_rol or1_0 on or1_0.id_rol=u1_0.id_rol where u1_0.id_usuario=?
Hibernate: select count(pe1_0.id_permiso) from tb_permiso_extra pe1_0 where pe1_0.estado=?
Hibernate: select count(t1_0.id_tarea) from tb_tarea t1_0 join tb_usuario r1_0 on r1_0.id_usuario=t1_0.id_responsable where r1_0.id_usuario=? and t1_0.activo and not(t1_0.es_proyecto) and t1_0.estado<>?
Hibernate: select u1_0.id_usuario,u1_0.antecedentes_nombre,u1_0.antecedentes_policiales_nombre,u1_0.apellido_materno,u1_0.apellido_paterno,u1_0.banca_movil,u1_0.banco,u1_0.biografia,u1_0.cargo,u1_0.certiadulto_nombre,u1_0.certificaciones,u1_0.certijoven_nombre,u1_0.contrasenia,u1_0.coordenadas,u1_0.correo,u1_0.cuenta_bancaria,u1_0.cuenta_interbancaria,u1_0.cv_nombre,u1_0.direccion,u1_0.dni,u1_0.estado,u1_0.estado_civil,u1_0.fecha_creacion,u1_0.fecha_ingreso,u1_0.fecha_modificacion,u1_0.fecha_nacimiento,u1_0.foto_perfil,u1_0.foto_id_nombre,u1_0.foto_id_nombre_trasera,u1_0.grupo_sanguineo,u1_0.id_dep,u1_0.id_dist,u1_0.id_prov,u1_0.idiomas,u1_0.instituciones_educativas,u1_0.modalidad,u1_0.nacionalidad,u1_0.nivel_educativo,u1_0.nombre_contacto_emergencia,u1_0.nombres,u1_0.numero_ruc,u1_0.id_rol,or1_0.id_rol,or1_0.descripcion,u1_0.referencia,u1_0.relacion_contacto_emergencia,u1_0.ruta_cv,u1_0.ruta_antecedentes,u1_0.ruta_antecedentes_policiales,u1_0.ruta_certiadulto,u1_0.ruta_certijoven,u1_0.ruta_foto_id,u1_0.ruta_foto_id_trasera,u1_0.secundaria_fin,u1_0.secundaria_inicio,u1_0.sexo,u1_0.telefono,u1_0.telefono_emergencia,u1_0.tiene_antecedentes,u1_0.tipo_contrato,u1_0.tipo_seguro,u1_0.universidad_fin,u1_0.universidad_inicio from tb_usuario u1_0 join tb_rol or1_0 on or1_0.id_rol=u1_0.id_rol where u1_0.id_usuario=?
Hibernate: select f1_0.id_usuario,f1_0.id_formacion,f1_0.created_at,f1_0.estado,f1_0.fecha_fin,f1_0.fecha_inicio,f1_0.grado,f1_0.institucion,f1_0.nivel,f1_0.programa,f1_0.updated_at from tb_usuario_formacion f1_0 where f1_0.id_usuario=? order by f1_0.fecha_inicio
Hibernate: select uf1_0.id_formacion,uf1_0.created_at,uf1_0.estado,uf1_0.fecha_fin,uf1_0.fecha_inicio,uf1_0.grado,uf1_0.institucion,uf1_0.nivel,uf1_0.programa,uf1_0.updated_at,uf1_0.id_usuario from tb_usuario_formacion uf1_0 left join tb_usuario u1_0 on u1_0.id_usuario=uf1_0.id_usuario where u1_0.id_usuario=?
Hibernate: select cl1_0.id_usuario,cl1_0.id_certificacion,cl1_0.archivo_nombre,cl1_0.archivo_ruta,cl1_0.archivo_tipo,cl1_0.codigo,cl1_0.created_at,cl1_0.entidad,cl1_0.fecha_obtencion,cl1_0.fecha_subida,cl1_0.fecha_vencimiento,cl1_0.horas,cl1_0.nombre,cl1_0.updated_at from tb_usuario_certificacion cl1_0 where cl1_0.id_usuario=? order by cl1_0.fecha_obtencion desc
Hibernate: select uc1_0.id_certificacion,uc1_0.archivo_nombre,uc1_0.archivo_ruta,uc1_0.archivo_tipo,uc1_0.codigo,uc1_0.created_at,uc1_0.entidad,uc1_0.fecha_obtencion,uc1_0.fecha_subida,uc1_0.fecha_vencimiento,uc1_0.horas,uc1_0.nombre,uc1_0.updated_at,uc1_0.id_usuario from tb_usuario_certificacion uc1_0 left join tb_usuario u1_0 on u1_0.id_usuario=uc1_0.id_usuario where u1_0.id_usuario=?
Hibernate: select il1_0.id_usuario,il1_0.id_idioma,il1_0.archivo_nombre,il1_0.archivo_ruta,il1_0.archivo_tipo,il1_0.certificacion,il1_0.fecha_fin,il1_0.fecha_inicio,il1_0.fecha_subida,il1_0.idioma,il1_0.institucion,il1_0.nivel from tb_usuario_idioma il1_0 where il1_0.id_usuario=? order by il1_0.fecha_inicio desc,il1_0.fecha_fin desc
Hibernate: select ui1_0.id_idioma,ui1_0.archivo_nombre,ui1_0.archivo_ruta,ui1_0.archivo_tipo,ui1_0.certificacion,ui1_0.fecha_fin,ui1_0.fecha_inicio,ui1_0.fecha_subida,ui1_0.idioma,ui1_0.institucion,ui1_0.nivel,ui1_0.id_usuario from tb_usuario_idioma ui1_0 left join tb_usuario u1_0 on u1_0.id_usuario=ui1_0.id_usuario where u1_0.id_usuario=?
Hibernate: select el1_0.id_usuario,el1_0.id_experiencia,el1_0.archivo_nombre,el1_0.archivo_ruta,el1_0.archivo_tipo,el1_0.correo_referencia,el1_0.created_at,el1_0.empresa,el1_0.fecha_emision_recibo,el1_0.fecha_fin,el1_0.fecha_inicio,el1_0.fecha_subida,el1_0.funciones,el1_0.monto_recibo,el1_0.motivo_salida,el1_0.nombre_referencia,el1_0.numero_recibo,el1_0.puesto,el1_0.telefono_referencia,el1_0.tipo_sustento,el1_0.updated_at from tb_usuario_experiencia el1_0 where el1_0.id_usuario=? order by el1_0.fecha_inicio desc,el1_0.fecha_fin desc
Hibernate: select ue1_0.id_experiencia,ue1_0.archivo_nombre,ue1_0.archivo_ruta,ue1_0.archivo_tipo,ue1_0.correo_referencia,ue1_0.created_at,ue1_0.empresa,ue1_0.fecha_emision_recibo,ue1_0.fecha_fin,ue1_0.fecha_inicio,ue1_0.fecha_subida,ue1_0.funciones,ue1_0.monto_recibo,ue1_0.motivo_salida,ue1_0.nombre_referencia,ue1_0.numero_recibo,ue1_0.puesto,ue1_0.telefono_referencia,ue1_0.tipo_sustento,ue1_0.updated_at,ue1_0.id_usuario from tb_usuario_experiencia ue1_0 left join tb_usuario u1_0 on u1_0.id_usuario=ue1_0.id_usuario where u1_0.id_usuario=?
Hibernate: select count(pe1_0.id_permiso) from tb_permiso_extra pe1_0 where pe1_0.estado=?
Hibernate: select count(t1_0.id_tarea) from tb_tarea t1_0 join tb_usuario r1_0 on r1_0.id_usuario=t1_0.id_responsable where r1_0.id_usuario=? and t1_0.activo and not(t1_0.es_proyecto) and t1_0.estado<>?
2026-06-02T01:21:51.232-05:00 ERROR 46616 --- [asistencia-alamo] [nio-8080-exec-1] o.a.c.c.C.[.[.[/].[dispatcherServlet]    : Servlet.service() for servlet [dispatcherServlet] in context with path [] threw exception [Request processing failed: org.springframework.jdbc.BadSqlGrammarException: StatementCallback; bad SQL grammar [    SELECT id, name
    FROM ubigeo_peru_departments
    ORDER BY name
]] with root cause

java.sql.SQLSyntaxErrorException: Table 'sistema_asistencia.ubigeo_peru_departments' doesn't exist
	at com.mysql.cj.jdbc.exceptions.SQLError.createSQLException(SQLError.java:112) ~[mysql-connector-j-9.1.0.jar!/:9.1.0]
	at com.mysql.cj.jdbc.exceptions.SQLExceptionsMapping.translateException(SQLExceptionsMapping.java:114) ~[mysql-connector-j-9.1.0.jar!/:9.1.0]
	at com.mysql.cj.jdbc.StatementImpl.executeQuery(StatementImpl.java:1312) ~[mysql-connector-j-9.1.0.jar!/:9.1.0]
	at com.zaxxer.hikari.pool.ProxyStatement.executeQuery(ProxyStatement.java:110) ~[HikariCP-5.1.0.jar!/:na]
	at com.zaxxer.hikari.pool.HikariProxyStatement.executeQuery(HikariProxyStatement.java) ~[HikariCP-5.1.0.jar!/:na]
	at org.springframework.jdbc.core.JdbcTemplate$1QueryStatementCallback.doInStatement(JdbcTemplate.java:463) ~[spring-jdbc-6.2.1.jar!/:6.2.1]
	at org.springframework.jdbc.core.JdbcTemplate.execute(JdbcTemplate.java:393) ~[spring-jdbc-6.2.1.jar!/:6.2.1]
	at org.springframework.jdbc.core.JdbcTemplate.query(JdbcTemplate.java:476) ~[spring-jdbc-6.2.1.jar!/:6.2.1]
	at org.springframework.jdbc.core.JdbcTemplate.query(JdbcTemplate.java:486) ~[spring-jdbc-6.2.1.jar!/:6.2.1]
	at org.springframework.jdbc.core.JdbcTemplate.queryForList(JdbcTemplate.java:536) ~[spring-jdbc-6.2.1.jar!/:6.2.1]
	at com.alamo.asistencia.controller.UbigeoController.departamentos(UbigeoController.java:21) ~[!/:0.0.1-SNAPSHOT]
	at java.base/jdk.internal.reflect.DirectMethodHandleAccessor.invoke(DirectMethodHandleAccessor.java:103) ~[na:na]
	at java.base/java.lang.reflect.Method.invoke(Method.java:580) ~[na:na]
	at org.springframework.web.method.support.InvocableHandlerMethod.doInvoke(InvocableHandlerMethod.java:257) ~[spring-web-6.2.1.jar!/:6.2.1]
	at org.springframework.web.method.support.InvocableHandlerMethod.invokeForRequest(InvocableHandlerMethod.java:190) ~[spring-web-6.2.1.jar!/:6.2.1]
	at org.springframework.web.servlet.mvc.method.annotation.ServletInvocableHandlerMethod.invokeAndHandle(ServletInvocableHandlerMethod.java:118) ~[spring-webmvc-6.2.1.jar!/:6.2.1]
	at org.springframework.web.servlet.mvc.method.annotation.RequestMappingHandlerAdapter.invokeHandlerMethod(RequestMappingHandlerAdapter.java:986) ~[spring-webmvc-6.2.1.jar!/:6.2.1]
	at org.springframework.web.servlet.mvc.method.annotation.RequestMappingHandlerAdapter.handleInternal(RequestMappingHandlerAdapter.java:891) ~[spring-webmvc-6.2.1.jar!/:6.2.1]
	at org.springframework.web.servlet.mvc.method.AbstractHandlerMethodAdapter.handle(AbstractHandlerMethodAdapter.java:87) ~[spring-webmvc-6.2.1.jar!/:6.2.1]
	at org.springframework.web.servlet.DispatcherServlet.doDispatch(DispatcherServlet.java:1088) ~[spring-webmvc-6.2.1.jar!/:6.2.1]
	at org.springframework.web.servlet.DispatcherServlet.doService(DispatcherServlet.java:978) ~[spring-webmvc-6.2.1.jar!/:6.2.1]
	at org.springframework.web.servlet.FrameworkServlet.processRequest(FrameworkServlet.java:1014) ~[spring-webmvc-6.2.1.jar!/:6.2.1]
	at org.springframework.web.servlet.FrameworkServlet.doGet(FrameworkServlet.java:903) ~[spring-webmvc-6.2.1.jar!/:6.2.1]
	at jakarta.servlet.http.HttpServlet.service(HttpServlet.java:564) ~[tomcat-embed-core-10.1.34.jar!/:na]
	at org.springframework.web.servlet.FrameworkServlet.service(FrameworkServlet.java:885) ~[spring-webmvc-6.2.1.jar!/:6.2.1]
	at jakarta.servlet.http.HttpServlet.service(HttpServlet.java:658) ~[tomcat-embed-core-10.1.34.jar!/:na]
	at org.apache.catalina.core.ApplicationFilterChain.internalDoFilter(ApplicationFilterChain.java:195) ~[tomcat-embed-core-10.1.34.jar!/:na]
	at org.apache.catalina.core.ApplicationFilterChain.doFilter(ApplicationFilterChain.java:140) ~[tomcat-embed-core-10.1.34.jar!/:na]
	at org.apache.tomcat.websocket.server.WsFilter.doFilter(WsFilter.java:51) ~[tomcat-embed-websocket-10.1.34.jar!/:na]
	at org.apache.catalina.core.ApplicationFilterChain.internalDoFilter(ApplicationFilterChain.java:164) ~[tomcat-embed-core-10.1.34.jar!/:na]
	at org.apache.catalina.core.ApplicationFilterChain.doFilter(ApplicationFilterChain.java:140) ~[tomcat-embed-core-10.1.34.jar!/:na]
	at com.alamo.asistencia.filter.MobileBlockFilter.doFilterInternal(MobileBlockFilter.java:30) ~[!/:0.0.1-SNAPSHOT]
	at org.springframework.web.filter.OncePerRequestFilter.doFilter(OncePerRequestFilter.java:116) ~[spring-web-6.2.1.jar!/:6.2.1]
	at org.apache.catalina.core.ApplicationFilterChain.internalDoFilter(ApplicationFilterChain.java:164) ~[tomcat-embed-core-10.1.34.jar!/:na]
	at org.apache.catalina.core.ApplicationFilterChain.doFilter(ApplicationFilterChain.java:140) ~[tomcat-embed-core-10.1.34.jar!/:na]
	at org.springframework.web.filter.RequestContextFilter.doFilterInternal(RequestContextFilter.java:100) ~[spring-web-6.2.1.jar!/:6.2.1]
	at org.springframework.web.filter.OncePerRequestFilter.doFilter(OncePerRequestFilter.java:116) ~[spring-web-6.2.1.jar!/:6.2.1]
	at org.apache.catalina.core.ApplicationFilterChain.internalDoFilter(ApplicationFilterChain.java:164) ~[tomcat-embed-core-10.1.34.jar!/:na]
	at org.apache.catalina.core.ApplicationFilterChain.doFilter(ApplicationFilterChain.java:140) ~[tomcat-embed-core-10.1.34.jar!/:na]
	at org.springframework.web.filter.FormContentFilter.doFilterInternal(FormContentFilter.java:93) ~[spring-web-6.2.1.jar!/:6.2.1]
	at org.springframework.web.filter.OncePerRequestFilter.doFilter(OncePerRequestFilter.java:116) ~[spring-web-6.2.1.jar!/:6.2.1]
	at org.apache.catalina.core.ApplicationFilterChain.internalDoFilter(ApplicationFilterChain.java:164) ~[tomcat-embed-core-10.1.34.jar!/:na]
	at org.apache.catalina.core.ApplicationFilterChain.doFilter(ApplicationFilterChain.java:140) ~[tomcat-embed-core-10.1.34.jar!/:na]
	at org.springframework.web.filter.CharacterEncodingFilter.doFilterInternal(CharacterEncodingFilter.java:201) ~[spring-web-6.2.1.jar!/:6.2.1]
	at org.springframework.web.filter.OncePerRequestFilter.doFilter(OncePerRequestFilter.java:116) ~[spring-web-6.2.1.jar!/:6.2.1]
	at org.apache.catalina.core.ApplicationFilterChain.internalDoFilter(ApplicationFilterChain.java:164) ~[tomcat-embed-core-10.1.34.jar!/:na]
	at org.apache.catalina.core.ApplicationFilterChain.doFilter(ApplicationFilterChain.java:140) ~[tomcat-embed-core-10.1.34.jar!/:na]
	at org.apache.catalina.core.StandardWrapperValve.invoke(StandardWrapperValve.java:167) ~[tomcat-embed-core-10.1.34.jar!/:na]
	at org.apache.catalina.core.StandardContextValve.invoke(StandardContextValve.java:90) ~[tomcat-embed-core-10.1.34.jar!/:na]
	at org.apache.catalina.authenticator.AuthenticatorBase.invoke(AuthenticatorBase.java:483) ~[tomcat-embed-core-10.1.34.jar!/:na]
	at org.apache.catalina.core.StandardHostValve.invoke(StandardHostValve.java:115) ~[tomcat-embed-core-10.1.34.jar!/:na]
	at org.apache.catalina.valves.ErrorReportValve.invoke(ErrorReportValve.java:93) ~[tomcat-embed-core-10.1.34.jar!/:na]
	at org.apache.catalina.core.StandardEngineValve.invoke(StandardEngineValve.java:74) ~[tomcat-embed-core-10.1.34.jar!/:na]
	at org.apache.catalina.connector.CoyoteAdapter.service(CoyoteAdapter.java:344) ~[tomcat-embed-core-10.1.34.jar!/:na]
	at org.apache.coyote.http11.Http11Processor.service(Http11Processor.java:397) ~[tomcat-embed-core-10.1.34.jar!/:na]
	at org.apache.coyote.AbstractProcessorLight.process(AbstractProcessorLight.java:63) ~[tomcat-embed-core-10.1.34.jar!/:na]
	at org.apache.coyote.AbstractProtocol$ConnectionHandler.process(AbstractProtocol.java:905) ~[tomcat-embed-core-10.1.34.jar!/:na]
	at org.apache.tomcat.util.net.NioEndpoint$SocketProcessor.doRun(NioEndpoint.java:1741) ~[tomcat-embed-core-10.1.34.jar!/:na]
	at org.apache.tomcat.util.net.SocketProcessorBase.run(SocketProcessorBase.java:52) ~[tomcat-embed-core-10.1.34.jar!/:na]
	at org.apache.tomcat.util.threads.ThreadPoolExecutor.runWorker(ThreadPoolExecutor.java:1190) ~[tomcat-embed-core-10.1.34.jar!/:na]
	at org.apache.tomcat.util.threads.ThreadPoolExecutor$Worker.run(ThreadPoolExecutor.java:659) ~[tomcat-embed-core-10.1.34.jar!/:na]
	at org.apache.tomcat.util.threads.TaskThread$WrappingRunnable.run(TaskThread.java:63) ~[tomcat-embed-core-10.1.34.jar!/:na]
	at java.base/java.lang.Thread.run(Thread.java:1583) ~[na:na]

Hibernate: select count(pe1_0.id_permiso) from tb_permiso_extra pe1_0 where pe1_0.estado=?
Hibernate: select count(t1_0.id_tarea) from tb_tarea t1_0 join tb_usuario r1_0 on r1_0.id_usuario=t1_0.id_responsable where r1_0.id_usuario=? and t1_0.activo and not(t1_0.es_proyecto) and t1_0.estado<>?
Hibernate: select count(pe1_0.id_permiso) from tb_permiso_extra pe1_0 where pe1_0.estado=?
Hibernate: select count(t1_0.id_tarea) from tb_tarea t1_0 join tb_usuario r1_0 on r1_0.id_usuario=t1_0.id_responsable where r1_0.id_usuario=? and t1_0.activo and not(t1_0.es_proyecto) and t1_0.estado<>?
Hibernate: select count(pe1_0.id_permiso) from tb_permiso_extra pe1_0 where pe1_0.estado=?
Hibernate: select u1_0.id_usuario,u1_0.antecedentes_nombre,u1_0.antecedentes_policiales_nombre,u1_0.apellido_materno,u1_0.apellido_paterno,u1_0.banca_movil,u1_0.banco,u1_0.biografia,u1_0.cargo,u1_0.certiadulto_nombre,u1_0.certificaciones,u1_0.certijoven_nombre,u1_0.contrasenia,u1_0.coordenadas,u1_0.correo,u1_0.cuenta_bancaria,u1_0.cuenta_interbancaria,u1_0.cv_nombre,u1_0.direccion,u1_0.dni,u1_0.estado,u1_0.estado_civil,u1_0.fecha_creacion,u1_0.fecha_ingreso,u1_0.fecha_modificacion,u1_0.fecha_nacimiento,u1_0.foto_perfil,u1_0.foto_id_nombre,u1_0.foto_id_nombre_trasera,u1_0.grupo_sanguineo,u1_0.id_dep,u1_0.id_dist,u1_0.id_prov,u1_0.idiomas,u1_0.instituciones_educativas,u1_0.modalidad,u1_0.nacionalidad,u1_0.nivel_educativo,u1_0.nombre_contacto_emergencia,u1_0.nombres,u1_0.numero_ruc,u1_0.id_rol,or1_0.id_rol,or1_0.descripcion,u1_0.referencia,u1_0.relacion_contacto_emergencia,u1_0.ruta_cv,u1_0.ruta_antecedentes,u1_0.ruta_antecedentes_policiales,u1_0.ruta_certiadulto,u1_0.ruta_certijoven,u1_0.ruta_foto_id,u1_0.ruta_foto_id_trasera,u1_0.secundaria_fin,u1_0.secundaria_inicio,u1_0.sexo,u1_0.telefono,u1_0.telefono_emergencia,u1_0.tiene_antecedentes,u1_0.tipo_contrato,u1_0.tipo_seguro,u1_0.universidad_fin,u1_0.universidad_inicio from tb_usuario u1_0 join tb_rol or1_0 on or1_0.id_rol=u1_0.id_rol where u1_0.id_usuario=?
Hibernate: select count(pe1_0.id_permiso) from tb_permiso_extra pe1_0 where pe1_0.estado=?
Hibernate: select count(t1_0.id_tarea) from tb_tarea t1_0 join tb_usuario r1_0 on r1_0.id_usuario=t1_0.id_responsable where r1_0.id_usuario=? and t1_0.activo and not(t1_0.es_proyecto) and t1_0.estado<>?
Hibernate: select u1_0.id_usuario,u1_0.antecedentes_nombre,u1_0.antecedentes_policiales_nombre,u1_0.apellido_materno,u1_0.apellido_paterno,u1_0.banca_movil,u1_0.banco,u1_0.biografia,u1_0.cargo,u1_0.certiadulto_nombre,u1_0.certificaciones,u1_0.certijoven_nombre,u1_0.contrasenia,u1_0.coordenadas,u1_0.correo,u1_0.cuenta_bancaria,u1_0.cuenta_interbancaria,u1_0.cv_nombre,u1_0.direccion,u1_0.dni,u1_0.estado,u1_0.estado_civil,u1_0.fecha_creacion,u1_0.fecha_ingreso,u1_0.fecha_modificacion,u1_0.fecha_nacimiento,u1_0.foto_perfil,u1_0.foto_id_nombre,u1_0.foto_id_nombre_trasera,u1_0.grupo_sanguineo,u1_0.id_dep,u1_0.id_dist,u1_0.id_prov,u1_0.idiomas,u1_0.instituciones_educativas,u1_0.modalidad,u1_0.nacionalidad,u1_0.nivel_educativo,u1_0.nombre_contacto_emergencia,u1_0.nombres,u1_0.numero_ruc,u1_0.id_rol,or1_0.id_rol,or1_0.descripcion,u1_0.referencia,u1_0.relacion_contacto_emergencia,u1_0.ruta_cv,u1_0.ruta_antecedentes,u1_0.ruta_antecedentes_policiales,u1_0.ruta_certiadulto,u1_0.ruta_certijoven,u1_0.ruta_foto_id,u1_0.ruta_foto_id_trasera,u1_0.secundaria_fin,u1_0.secundaria_inicio,u1_0.sexo,u1_0.telefono,u1_0.telefono_emergencia,u1_0.tiene_antecedentes,u1_0.tipo_contrato,u1_0.tipo_seguro,u1_0.universidad_fin,u1_0.universidad_inicio from tb_usuario u1_0 join tb_rol or1_0 on or1_0.id_rol=u1_0.id_rol where u1_0.id_usuario=?
Hibernate: select f1_0.id_usuario,f1_0.id_formacion,f1_0.created_at,f1_0.estado,f1_0.fecha_fin,f1_0.fecha_inicio,f1_0.grado,f1_0.institucion,f1_0.nivel,f1_0.programa,f1_0.updated_at from tb_usuario_formacion f1_0 where f1_0.id_usuario=? order by f1_0.fecha_inicio
Hibernate: select uf1_0.id_formacion,uf1_0.created_at,uf1_0.estado,uf1_0.fecha_fin,uf1_0.fecha_inicio,uf1_0.grado,uf1_0.institucion,uf1_0.nivel,uf1_0.programa,uf1_0.updated_at,uf1_0.id_usuario from tb_usuario_formacion uf1_0 left join tb_usuario u1_0 on u1_0.id_usuario=uf1_0.id_usuario where u1_0.id_usuario=?
Hibernate: select cl1_0.id_usuario,cl1_0.id_certificacion,cl1_0.archivo_nombre,cl1_0.archivo_ruta,cl1_0.archivo_tipo,cl1_0.codigo,cl1_0.created_at,cl1_0.entidad,cl1_0.fecha_obtencion,cl1_0.fecha_subida,cl1_0.fecha_vencimiento,cl1_0.horas,cl1_0.nombre,cl1_0.updated_at from tb_usuario_certificacion cl1_0 where cl1_0.id_usuario=? order by cl1_0.fecha_obtencion desc
Hibernate: select uc1_0.id_certificacion,uc1_0.archivo_nombre,uc1_0.archivo_ruta,uc1_0.archivo_tipo,uc1_0.codigo,uc1_0.created_at,uc1_0.entidad,uc1_0.fecha_obtencion,uc1_0.fecha_subida,uc1_0.fecha_vencimiento,uc1_0.horas,uc1_0.nombre,uc1_0.updated_at,uc1_0.id_usuario from tb_usuario_certificacion uc1_0 left join tb_usuario u1_0 on u1_0.id_usuario=uc1_0.id_usuario where u1_0.id_usuario=?
Hibernate: select il1_0.id_usuario,il1_0.id_idioma,il1_0.archivo_nombre,il1_0.archivo_ruta,il1_0.archivo_tipo,il1_0.certificacion,il1_0.fecha_fin,il1_0.fecha_inicio,il1_0.fecha_subida,il1_0.idioma,il1_0.institucion,il1_0.nivel from tb_usuario_idioma il1_0 where il1_0.id_usuario=? order by il1_0.fecha_inicio desc,il1_0.fecha_fin desc
Hibernate: select ui1_0.id_idioma,ui1_0.archivo_nombre,ui1_0.archivo_ruta,ui1_0.archivo_tipo,ui1_0.certificacion,ui1_0.fecha_fin,ui1_0.fecha_inicio,ui1_0.fecha_subida,ui1_0.idioma,ui1_0.institucion,ui1_0.nivel,ui1_0.id_usuario from tb_usuario_idioma ui1_0 left join tb_usuario u1_0 on u1_0.id_usuario=ui1_0.id_usuario where u1_0.id_usuario=?
Hibernate: select el1_0.id_usuario,el1_0.id_experiencia,el1_0.archivo_nombre,el1_0.archivo_ruta,el1_0.archivo_tipo,el1_0.correo_referencia,el1_0.created_at,el1_0.empresa,el1_0.fecha_emision_recibo,el1_0.fecha_fin,el1_0.fecha_inicio,el1_0.fecha_subida,el1_0.funciones,el1_0.monto_recibo,el1_0.motivo_salida,el1_0.nombre_referencia,el1_0.numero_recibo,el1_0.puesto,el1_0.telefono_referencia,el1_0.tipo_sustento,el1_0.updated_at from tb_usuario_experiencia el1_0 where el1_0.id_usuario=? order by el1_0.fecha_inicio desc,el1_0.fecha_fin desc
Hibernate: select ue1_0.id_experiencia,ue1_0.archivo_nombre,ue1_0.archivo_ruta,ue1_0.archivo_tipo,ue1_0.correo_referencia,ue1_0.created_at,ue1_0.empresa,ue1_0.fecha_emision_recibo,ue1_0.fecha_fin,ue1_0.fecha_inicio,ue1_0.fecha_subida,ue1_0.funciones,ue1_0.monto_recibo,ue1_0.motivo_salida,ue1_0.nombre_referencia,ue1_0.numero_recibo,ue1_0.puesto,ue1_0.telefono_referencia,ue1_0.tipo_sustento,ue1_0.updated_at,ue1_0.id_usuario from tb_usuario_experiencia ue1_0 left join tb_usuario u1_0 on u1_0.id_usuario=ue1_0.id_usuario where u1_0.id_usuario=?
Hibernate: select count(pe1_0.id_permiso) from tb_permiso_extra pe1_0 where pe1_0.estado=?
Hibernate: select count(t1_0.id_tarea) from tb_tarea t1_0 join tb_usuario r1_0 on r1_0.id_usuario=t1_0.id_responsable where r1_0.id_usuario=? and t1_0.activo and not(t1_0.es_proyecto) and t1_0.estado<>?
2026-06-02T01:21:51.691-05:00 ERROR 46616 --- [asistencia-alamo] [nio-8080-exec-4] o.a.c.c.C.[.[.[/].[dispatcherServlet]    : Servlet.service() for servlet [dispatcherServlet] in context with path [] threw exception [Request processing failed: org.springframework.jdbc.BadSqlGrammarException: StatementCallback; bad SQL grammar [    SELECT id, name
    FROM ubigeo_peru_departments
    ORDER BY name
]] with root cause

java.sql.SQLSyntaxErrorException: Table 'sistema_asistencia.ubigeo_peru_departments' doesn't exist
	at com.mysql.cj.jdbc.exceptions.SQLError.createSQLException(SQLError.java:112) ~[mysql-connector-j-9.1.0.jar!/:9.1.0]
	at com.mysql.cj.jdbc.exceptions.SQLExceptionsMapping.translateException(SQLExceptionsMapping.java:114) ~[mysql-connector-j-9.1.0.jar!/:9.1.0]
	at com.mysql.cj.jdbc.StatementImpl.executeQuery(StatementImpl.java:1312) ~[mysql-connector-j-9.1.0.jar!/:9.1.0]
	at com.zaxxer.hikari.pool.ProxyStatement.executeQuery(ProxyStatement.java:110) ~[HikariCP-5.1.0.jar!/:na]
	at com.zaxxer.hikari.pool.HikariProxyStatement.executeQuery(HikariProxyStatement.java) ~[HikariCP-5.1.0.jar!/:na]
	at org.springframework.jdbc.core.JdbcTemplate$1QueryStatementCallback.doInStatement(JdbcTemplate.java:463) ~[spring-jdbc-6.2.1.jar!/:6.2.1]
	at org.springframework.jdbc.core.JdbcTemplate.execute(JdbcTemplate.java:393) ~[spring-jdbc-6.2.1.jar!/:6.2.1]
	at org.springframework.jdbc.core.JdbcTemplate.query(JdbcTemplate.java:476) ~[spring-jdbc-6.2.1.jar!/:6.2.1]
	at org.springframework.jdbc.core.JdbcTemplate.query(JdbcTemplate.java:486) ~[spring-jdbc-6.2.1.jar!/:6.2.1]
	at org.springframework.jdbc.core.JdbcTemplate.queryForList(JdbcTemplate.java:536) ~[spring-jdbc-6.2.1.jar!/:6.2.1]
	at com.alamo.asistencia.controller.UbigeoController.departamentos(UbigeoController.java:21) ~[!/:0.0.1-SNAPSHOT]
	at java.base/jdk.internal.reflect.DirectMethodHandleAccessor.invoke(DirectMethodHandleAccessor.java:103) ~[na:na]
	at java.base/java.lang.reflect.Method.invoke(Method.java:580) ~[na:na]
	at org.springframework.web.method.support.InvocableHandlerMethod.doInvoke(InvocableHandlerMethod.java:257) ~[spring-web-6.2.1.jar!/:6.2.1]
	at org.springframework.web.method.support.InvocableHandlerMethod.invokeForRequest(InvocableHandlerMethod.java:190) ~[spring-web-6.2.1.jar!/:6.2.1]
	at org.springframework.web.servlet.mvc.method.annotation.ServletInvocableHandlerMethod.invokeAndHandle(ServletInvocableHandlerMethod.java:118) ~[spring-webmvc-6.2.1.jar!/:6.2.1]
	at org.springframework.web.servlet.mvc.method.annotation.RequestMappingHandlerAdapter.invokeHandlerMethod(RequestMappingHandlerAdapter.java:986) ~[spring-webmvc-6.2.1.jar!/:6.2.1]
	at org.springframework.web.servlet.mvc.method.annotation.RequestMappingHandlerAdapter.handleInternal(RequestMappingHandlerAdapter.java:891) ~[spring-webmvc-6.2.1.jar!/:6.2.1]
	at org.springframework.web.servlet.mvc.method.AbstractHandlerMethodAdapter.handle(AbstractHandlerMethodAdapter.java:87) ~[spring-webmvc-6.2.1.jar!/:6.2.1]
	at org.springframework.web.servlet.DispatcherServlet.doDispatch(DispatcherServlet.java:1088) ~[spring-webmvc-6.2.1.jar!/:6.2.1]
	at org.springframework.web.servlet.DispatcherServlet.doService(DispatcherServlet.java:978) ~[spring-webmvc-6.2.1.jar!/:6.2.1]
	at org.springframework.web.servlet.FrameworkServlet.processRequest(FrameworkServlet.java:1014) ~[spring-webmvc-6.2.1.jar!/:6.2.1]
	at org.springframework.web.servlet.FrameworkServlet.doGet(FrameworkServlet.java:903) ~[spring-webmvc-6.2.1.jar!/:6.2.1]
	at jakarta.servlet.http.HttpServlet.service(HttpServlet.java:564) ~[tomcat-embed-core-10.1.34.jar!/:na]
	at org.springframework.web.servlet.FrameworkServlet.service(FrameworkServlet.java:885) ~[spring-webmvc-6.2.1.jar!/:6.2.1]
	at jakarta.servlet.http.HttpServlet.service(HttpServlet.java:658) ~[tomcat-embed-core-10.1.34.jar!/:na]
	at org.apache.catalina.core.ApplicationFilterChain.internalDoFilter(ApplicationFilterChain.java:195) ~[tomcat-embed-core-10.1.34.jar!/:na]
	at org.apache.catalina.core.ApplicationFilterChain.doFilter(ApplicationFilterChain.java:140) ~[tomcat-embed-core-10.1.34.jar!/:na]
	at org.apache.tomcat.websocket.server.WsFilter.doFilter(WsFilter.java:51) ~[tomcat-embed-websocket-10.1.34.jar!/:na]
	at org.apache.catalina.core.ApplicationFilterChain.internalDoFilter(ApplicationFilterChain.java:164) ~[tomcat-embed-core-10.1.34.jar!/:na]
	at org.apache.catalina.core.ApplicationFilterChain.doFilter(ApplicationFilterChain.java:140) ~[tomcat-embed-core-10.1.34.jar!/:na]
	at com.alamo.asistencia.filter.MobileBlockFilter.doFilterInternal(MobileBlockFilter.java:30) ~[!/:0.0.1-SNAPSHOT]
	at org.springframework.web.filter.OncePerRequestFilter.doFilter(OncePerRequestFilter.java:116) ~[spring-web-6.2.1.jar!/:6.2.1]
	at org.apache.catalina.core.ApplicationFilterChain.internalDoFilter(ApplicationFilterChain.java:164) ~[tomcat-embed-core-10.1.34.jar!/:na]
	at org.apache.catalina.core.ApplicationFilterChain.doFilter(ApplicationFilterChain.java:140) ~[tomcat-embed-core-10.1.34.jar!/:na]
	at org.springframework.web.filter.RequestContextFilter.doFilterInternal(RequestContextFilter.java:100) ~[spring-web-6.2.1.jar!/:6.2.1]
	at org.springframework.web.filter.OncePerRequestFilter.doFilter(OncePerRequestFilter.java:116) ~[spring-web-6.2.1.jar!/:6.2.1]
	at org.apache.catalina.core.ApplicationFilterChain.internalDoFilter(ApplicationFilterChain.java:164) ~[tomcat-embed-core-10.1.34.jar!/:na]
	at org.apache.catalina.core.ApplicationFilterChain.doFilter(ApplicationFilterChain.java:140) ~[tomcat-embed-core-10.1.34.jar!/:na]
	at org.springframework.web.filter.FormContentFilter.doFilterInternal(FormContentFilter.java:93) ~[spring-web-6.2.1.jar!/:6.2.1]
	at org.springframework.web.filter.OncePerRequestFilter.doFilter(OncePerRequestFilter.java:116) ~[spring-web-6.2.1.jar!/:6.2.1]
	at org.apache.catalina.core.ApplicationFilterChain.internalDoFilter(ApplicationFilterChain.java:164) ~[tomcat-embed-core-10.1.34.jar!/:na]
	at org.apache.catalina.core.ApplicationFilterChain.doFilter(ApplicationFilterChain.java:140) ~[tomcat-embed-core-10.1.34.jar!/:na]
	at org.springframework.web.filter.CharacterEncodingFilter.doFilterInternal(CharacterEncodingFilter.java:201) ~[spring-web-6.2.1.jar!/:6.2.1]
	at org.springframework.web.filter.OncePerRequestFilter.doFilter(OncePerRequestFilter.java:116) ~[spring-web-6.2.1.jar!/:6.2.1]
	at org.apache.catalina.core.ApplicationFilterChain.internalDoFilter(ApplicationFilterChain.java:164) ~[tomcat-embed-core-10.1.34.jar!/:na]
	at org.apache.catalina.core.ApplicationFilterChain.doFilter(ApplicationFilterChain.java:140) ~[tomcat-embed-core-10.1.34.jar!/:na]
	at org.apache.catalina.core.StandardWrapperValve.invoke(StandardWrapperValve.java:167) ~[tomcat-embed-core-10.1.34.jar!/:na]
	at org.apache.catalina.core.StandardContextValve.invoke(StandardContextValve.java:90) ~[tomcat-embed-core-10.1.34.jar!/:na]
	at org.apache.catalina.authenticator.AuthenticatorBase.invoke(AuthenticatorBase.java:483) ~[tomcat-embed-core-10.1.34.jar!/:na]
	at org.apache.catalina.core.StandardHostValve.invoke(StandardHostValve.java:115) ~[tomcat-embed-core-10.1.34.jar!/:na]
	at org.apache.catalina.valves.ErrorReportValve.invoke(ErrorReportValve.java:93) ~[tomcat-embed-core-10.1.34.jar!/:na]
	at org.apache.catalina.core.StandardEngineValve.invoke(StandardEngineValve.java:74) ~[tomcat-embed-core-10.1.34.jar!/:na]
	at org.apache.catalina.connector.CoyoteAdapter.service(CoyoteAdapter.java:344) ~[tomcat-embed-core-10.1.34.jar!/:na]
	at org.apache.coyote.http11.Http11Processor.service(Http11Processor.java:397) ~[tomcat-embed-core-10.1.34.jar!/:na]
	at org.apache.coyote.AbstractProcessorLight.process(AbstractProcessorLight.java:63) ~[tomcat-embed-core-10.1.34.jar!/:na]
	at org.apache.coyote.AbstractProtocol$ConnectionHandler.process(AbstractProtocol.java:905) ~[tomcat-embed-core-10.1.34.jar!/:na]
	at org.apache.tomcat.util.net.NioEndpoint$SocketProcessor.doRun(NioEndpoint.java:1741) ~[tomcat-embed-core-10.1.34.jar!/:na]
	at org.apache.tomcat.util.net.SocketProcessorBase.run(SocketProcessorBase.java:52) ~[tomcat-embed-core-10.1.34.jar!/:na]
	at org.apache.tomcat.util.threads.ThreadPoolExecutor.runWorker(ThreadPoolExecutor.java:1190) ~[tomcat-embed-core-10.1.34.jar!/:na]
	at org.apache.tomcat.util.threads.ThreadPoolExecutor$Worker.run(ThreadPoolExecutor.java:659) ~[tomcat-embed-core-10.1.34.jar!/:na]
	at org.apache.tomcat.util.threads.TaskThread$WrappingRunnable.run(TaskThread.java:63) ~[tomcat-embed-core-10.1.34.jar!/:na]
	at java.base/java.lang.Thread.run(Thread.java:1583) ~[na:na]

Hibernate: select count(pe1_0.id_permiso) from tb_permiso_extra pe1_0 where pe1_0.estado=?
Hibernate: select count(t1_0.id_tarea) from tb_tarea t1_0 join tb_usuario r1_0 on r1_0.id_usuario=t1_0.id_responsable where r1_0.id_usuario=? and t1_0.activo and not(t1_0.es_proyecto) and t1_0.estado<>?
Hibernate: select count(pe1_0.id_permiso) from tb_permiso_extra pe1_0 where pe1_0.estado=?
Hibernate: select count(t1_0.id_tarea) from tb_tarea t1_0 join tb_usuario r1_0 on r1_0.id_usuario=t1_0.id_responsable where r1_0.id_usuario=? and t1_0.activo and not(t1_0.es_proyecto) and t1_0.estado<>?
Hibernate: select p1_0.id_producto,p1_0.aplica_asignacion,p1_0.cantidad,p1_0.cliente,p1_0.codigo_factura,p1_0.comprador,p1_0.descripcion_breve,p1_0.descripcion_producto,p1_0.emisor,p1_0.estado_producto,p1_0.fecha_asignacion,p1_0.fecha_compra,p1_0.foto_factura,p1_0.foto_producto,p1_0.garantia,p1_0.id_ingreso,p1_0.local_destino,p1_0.nombre,p1_0.numero_ruc,p1_0.numero_serie,p1_0.precio,p1_0.propiedad,p1_0.responsable,p1_0.tiempo_uso,p1_0.tipo_transferencia from tb_producto p1_0 join tb_ingreso i1_0 on i1_0.id_ingreso=p1_0.id_ingreso where (? is null or ?='' or lower(coalesce(p1_0.nombre,'')) like replace(lower(concat('%',?,'%')),'\\','\\\\') or lower(coalesce(p1_0.numero_serie,'')) like replace(lower(concat('%',?,'%')),'\\','\\\\') or lower(coalesce(p1_0.comprador,'')) like replace(lower(concat('%',?,'%')),'\\','\\\\') or lower(coalesce(p1_0.local_destino,'')) like replace(lower(concat('%',?,'%')),'\\','\\\\') or lower(coalesce(p1_0.numero_ruc,'')) like replace(lower(concat('%',?,'%')),'\\','\\\\') or lower(coalesce(p1_0.responsable,'')) like replace(lower(concat('%',?,'%')),'\\','\\\\') or lower(coalesce(p1_0.emisor,'')) like replace(lower(concat('%',?,'%')),'\\','\\\\') or lower(coalesce(p1_0.cliente,'')) like replace(lower(concat('%',?,'%')),'\\','\\\\')) and (? is null or ?='' or lower(coalesce(p1_0.local_destino,''))=lower(?)) and (? is null or ?='' or lower(coalesce(p1_0.propiedad,''))=lower(?)) and (? is null or ?='' or lower(coalesce(p1_0.comprador,''))=lower(?)) and (? is null or ?='' or lower(coalesce(p1_0.responsable,''))=lower(?)) and (? is null or ?='' or lower(coalesce(p1_0.emisor,''))=lower(?)) and (? is null or ?='' or lower(coalesce(p1_0.estado_producto,''))=lower(?)) and (? is null or ?='' or upper(coalesce(p1_0.aplica_asignacion,''))=upper(?)) order by i1_0.mes,p1_0.id_producto limit ?
Hibernate: select coalesce(sum((p1_0.precio*p1_0.cantidad)),0) from tb_producto p1_0 where (? is null or ?='' or lower(coalesce(p1_0.nombre,'')) like replace(lower(concat('%',?,'%')),'\\','\\\\') or lower(coalesce(p1_0.numero_serie,'')) like replace(lower(concat('%',?,'%')),'\\','\\\\') or lower(coalesce(p1_0.comprador,'')) like replace(lower(concat('%',?,'%')),'\\','\\\\') or lower(coalesce(p1_0.local_destino,'')) like replace(lower(concat('%',?,'%')),'\\','\\\\') or lower(coalesce(p1_0.numero_ruc,'')) like replace(lower(concat('%',?,'%')),'\\','\\\\') or lower(coalesce(p1_0.responsable,'')) like replace(lower(concat('%',?,'%')),'\\','\\\\') or lower(coalesce(p1_0.emisor,'')) like replace(lower(concat('%',?,'%')),'\\','\\\\') or lower(coalesce(p1_0.cliente,'')) like replace(lower(concat('%',?,'%')),'\\','\\\\')) and (? is null or ?='' or lower(coalesce(p1_0.local_destino,''))=lower(?)) and (? is null or ?='' or lower(coalesce(p1_0.propiedad,''))=lower(?)) and (? is null or ?='' or lower(coalesce(p1_0.comprador,''))=lower(?)) and (? is null or ?='' or lower(coalesce(p1_0.responsable,''))=lower(?)) and (? is null or ?='' or lower(coalesce(p1_0.emisor,''))=lower(?)) and (? is null or ?='' or lower(coalesce(p1_0.estado_producto,''))=lower(?)) and (? is null or ?='' or upper(coalesce(p1_0.aplica_asignacion,''))=upper(?))
Hibernate: select distinct p1_0.local_destino from tb_producto p1_0 where p1_0.local_destino is not null and trim(BOTH from p1_0.local_destino)<>'' order by p1_0.local_destino
Hibernate: select distinct p1_0.propiedad from tb_producto p1_0 where p1_0.propiedad is not null and trim(BOTH from p1_0.propiedad)<>'' order by p1_0.propiedad
Hibernate: select distinct p1_0.comprador from tb_producto p1_0 where p1_0.comprador is not null and trim(BOTH from p1_0.comprador)<>'' order by p1_0.comprador
Hibernate: select distinct p1_0.responsable from tb_producto p1_0 where p1_0.responsable is not null and trim(BOTH from p1_0.responsable)<>'' order by p1_0.responsable
Hibernate: select distinct p1_0.emisor from tb_producto p1_0 where p1_0.emisor is not null and trim(BOTH from p1_0.emisor)<>'' order by p1_0.emisor
Hibernate: select count(pe1_0.id_permiso) from tb_permiso_extra pe1_0 where pe1_0.estado=?
Hibernate: select count(t1_0.id_tarea) from tb_tarea t1_0 join tb_usuario r1_0 on r1_0.id_usuario=t1_0.id_responsable where r1_0.id_usuario=? and t1_0.activo and not(t1_0.es_proyecto) and t1_0.estado<>?
Hibernate: select t1_0.id_tarea,t1_0.id_actividad,t1_0.activo,t1_0.ambito,t1_0.categoria,t1_0.color,t1_0.id_creador,t1_0.descripcion,t1_0.entregable_nombre,t1_0.entregable_ruta,t1_0.es_privada,t1_0.es_proyecto,t1_0.estado,t1_0.fase,t1_0.fecha_asignacion,t1_0.fecha_dia,t1_0.fecha_finalizacion,t1_0.fecha_inicio,t1_0.fecha_limite,t1_0.id_grupo_masivo,t1_0.observaciones,t1_0.prioridad,t1_0.id_proyecto_padre,t1_0.id_responsable,t1_0.sub_actividad,t1_0.tipo_actividad,t1_0.tipo_origen,t1_0.titulo from tb_tarea t1_0 join tb_usuario r1_0 on r1_0.id_usuario=t1_0.id_responsable where r1_0.id_usuario=? and t1_0.ambito=? and t1_0.activo and t1_0.estado<>? and not(t1_0.es_proyecto)
Hibernate: select t1_0.id_tarea,t1_0.id_actividad,t1_0.activo,t1_0.ambito,t1_0.categoria,t1_0.color,t1_0.id_creador,t1_0.descripcion,t1_0.entregable_nombre,t1_0.entregable_ruta,t1_0.es_privada,t1_0.es_proyecto,t1_0.estado,t1_0.fase,t1_0.fecha_asignacion,t1_0.fecha_dia,t1_0.fecha_finalizacion,t1_0.fecha_inicio,t1_0.fecha_limite,t1_0.id_grupo_masivo,t1_0.observaciones,t1_0.prioridad,t1_0.id_proyecto_padre,t1_0.id_responsable,t1_0.sub_actividad,t1_0.tipo_actividad,t1_0.tipo_origen,t1_0.titulo from tb_tarea t1_0 join tb_usuario r1_0 on r1_0.id_usuario=t1_0.id_responsable where r1_0.id_usuario=? and t1_0.ambito=? and t1_0.activo and t1_0.estado<>? and not(t1_0.es_proyecto)
Hibernate: select t1_0.id_tarea,t1_0.id_actividad,t1_0.activo,t1_0.ambito,t1_0.categoria,t1_0.color,t1_0.id_creador,t1_0.descripcion,t1_0.entregable_nombre,t1_0.entregable_ruta,t1_0.es_privada,t1_0.es_proyecto,t1_0.estado,t1_0.fase,t1_0.fecha_asignacion,t1_0.fecha_dia,t1_0.fecha_finalizacion,t1_0.fecha_inicio,t1_0.fecha_limite,t1_0.id_grupo_masivo,t1_0.observaciones,t1_0.prioridad,t1_0.id_proyecto_padre,t1_0.id_responsable,t1_0.sub_actividad,t1_0.tipo_actividad,t1_0.tipo_origen,t1_0.titulo from tb_tarea t1_0 join tb_usuario r1_0 on r1_0.id_usuario=t1_0.id_responsable where r1_0.id_usuario=? and t1_0.estado=? and t1_0.activo
Hibernate: select t1_0.id_tarea,t1_0.id_actividad,t1_0.activo,t1_0.ambito,t1_0.categoria,t1_0.color,t1_0.id_creador,t1_0.descripcion,t1_0.entregable_nombre,t1_0.entregable_ruta,t1_0.es_privada,t1_0.es_proyecto,t1_0.estado,t1_0.fase,t1_0.fecha_asignacion,t1_0.fecha_dia,t1_0.fecha_finalizacion,t1_0.fecha_inicio,t1_0.fecha_limite,t1_0.id_grupo_masivo,t1_0.observaciones,t1_0.prioridad,t1_0.id_proyecto_padre,t1_0.id_responsable,t1_0.sub_actividad,t1_0.tipo_actividad,t1_0.tipo_origen,t1_0.titulo from tb_tarea t1_0 join tb_usuario r1_0 on r1_0.id_usuario=t1_0.id_responsable where r1_0.id_usuario=? and t1_0.activo
Hibernate: select count(t1_0.id_tarea) from tb_tarea t1_0 join tb_usuario r1_0 on r1_0.id_usuario=t1_0.id_responsable where r1_0.id_usuario=? and t1_0.activo and not(t1_0.es_proyecto) and t1_0.estado<>?
Hibernate: select u1_0.id_usuario,u1_0.antecedentes_nombre,u1_0.antecedentes_policiales_nombre,u1_0.apellido_materno,u1_0.apellido_paterno,u1_0.banca_movil,u1_0.banco,u1_0.biografia,u1_0.cargo,u1_0.certiadulto_nombre,u1_0.certificaciones,u1_0.certijoven_nombre,u1_0.contrasenia,u1_0.coordenadas,u1_0.correo,u1_0.cuenta_bancaria,u1_0.cuenta_interbancaria,u1_0.cv_nombre,u1_0.direccion,u1_0.dni,u1_0.estado,u1_0.estado_civil,u1_0.fecha_creacion,u1_0.fecha_ingreso,u1_0.fecha_modificacion,u1_0.fecha_nacimiento,u1_0.foto_perfil,u1_0.foto_id_nombre,u1_0.foto_id_nombre_trasera,u1_0.grupo_sanguineo,u1_0.id_dep,u1_0.id_dist,u1_0.id_prov,u1_0.idiomas,u1_0.instituciones_educativas,u1_0.modalidad,u1_0.nacionalidad,u1_0.nivel_educativo,u1_0.nombre_contacto_emergencia,u1_0.nombres,u1_0.numero_ruc,u1_0.id_rol,u1_0.referencia,u1_0.relacion_contacto_emergencia,u1_0.ruta_cv,u1_0.ruta_antecedentes,u1_0.ruta_antecedentes_policiales,u1_0.ruta_certiadulto,u1_0.ruta_certijoven,u1_0.ruta_foto_id,u1_0.ruta_foto_id_trasera,u1_0.secundaria_fin,u1_0.secundaria_inicio,u1_0.sexo,u1_0.telefono,u1_0.telefono_emergencia,u1_0.tiene_antecedentes,u1_0.tipo_contrato,u1_0.tipo_seguro,u1_0.universidad_fin,u1_0.universidad_inicio from tb_usuario u1_0
Hibernate: select r1_0.id_rol,r1_0.descripcion from tb_rol r1_0 where r1_0.id_rol=?
Hibernate: select count(pe1_0.id_permiso) from tb_permiso_extra pe1_0 where pe1_0.estado=?
Hibernate: select count(t1_0.id_tarea) from tb_tarea t1_0 join tb_usuario r1_0 on r1_0.id_usuario=t1_0.id_responsable where r1_0.id_usuario=? and t1_0.activo and not(t1_0.es_proyecto) and t1_0.estado<>?
Hibernate: select t1_0.id_tarea,t1_0.id_actividad,t1_0.activo,t1_0.ambito,t1_0.categoria,t1_0.color,t1_0.id_creador,t1_0.descripcion,t1_0.entregable_nombre,t1_0.entregable_ruta,t1_0.es_privada,t1_0.es_proyecto,t1_0.estado,t1_0.fase,t1_0.fecha_asignacion,t1_0.fecha_dia,t1_0.fecha_finalizacion,t1_0.fecha_inicio,t1_0.fecha_limite,t1_0.id_grupo_masivo,t1_0.observaciones,t1_0.prioridad,t1_0.id_proyecto_padre,t1_0.id_responsable,t1_0.sub_actividad,t1_0.tipo_actividad,t1_0.tipo_origen,t1_0.titulo from tb_tarea t1_0 join tb_usuario r1_0 on r1_0.id_usuario=t1_0.id_responsable where r1_0.id_usuario=? and t1_0.activo
Hibernate: select count(pe1_0.id_permiso) from tb_permiso_extra pe1_0 where pe1_0.estado=?
Hibernate: select count(t1_0.id_tarea) from tb_tarea t1_0 join tb_usuario r1_0 on r1_0.id_usuario=t1_0.id_responsable where r1_0.id_usuario=? and t1_0.activo and not(t1_0.es_proyecto) and t1_0.estado<>?
Hibernate: select count(t1_0.id_tarea) from tb_tarea t1_0 join tb_usuario r1_0 on r1_0.id_usuario=t1_0.id_responsable where r1_0.id_usuario=? and t1_0.activo and not(t1_0.es_proyecto) and t1_0.estado<>?
Hibernate: select u1_0.id_usuario,u1_0.antecedentes_nombre,u1_0.antecedentes_policiales_nombre,u1_0.apellido_materno,u1_0.apellido_paterno,u1_0.banca_movil,u1_0.banco,u1_0.biografia,u1_0.cargo,u1_0.certiadulto_nombre,u1_0.certificaciones,u1_0.certijoven_nombre,u1_0.contrasenia,u1_0.coordenadas,u1_0.correo,u1_0.cuenta_bancaria,u1_0.cuenta_interbancaria,u1_0.cv_nombre,u1_0.direccion,u1_0.dni,u1_0.estado,u1_0.estado_civil,u1_0.fecha_creacion,u1_0.fecha_ingreso,u1_0.fecha_modificacion,u1_0.fecha_nacimiento,u1_0.foto_perfil,u1_0.foto_id_nombre,u1_0.foto_id_nombre_trasera,u1_0.grupo_sanguineo,u1_0.id_dep,u1_0.id_dist,u1_0.id_prov,u1_0.idiomas,u1_0.instituciones_educativas,u1_0.modalidad,u1_0.nacionalidad,u1_0.nivel_educativo,u1_0.nombre_contacto_emergencia,u1_0.nombres,u1_0.numero_ruc,u1_0.id_rol,u1_0.referencia,u1_0.relacion_contacto_emergencia,u1_0.ruta_cv,u1_0.ruta_antecedentes,u1_0.ruta_antecedentes_policiales,u1_0.ruta_certiadulto,u1_0.ruta_certijoven,u1_0.ruta_foto_id,u1_0.ruta_foto_id_trasera,u1_0.secundaria_fin,u1_0.secundaria_inicio,u1_0.sexo,u1_0.telefono,u1_0.telefono_emergencia,u1_0.tiene_antecedentes,u1_0.tipo_contrato,u1_0.tipo_seguro,u1_0.universidad_fin,u1_0.universidad_inicio from tb_usuario u1_0
Hibernate: select r1_0.id_rol,r1_0.descripcion from tb_rol r1_0 where r1_0.id_rol=?
Hibernate: select t1_0.id_tarea,t1_0.id_actividad,t1_0.activo,t1_0.ambito,t1_0.categoria,t1_0.color,t1_0.id_creador,t1_0.descripcion,t1_0.entregable_nombre,t1_0.entregable_ruta,t1_0.es_privada,t1_0.es_proyecto,t1_0.estado,t1_0.fase,t1_0.fecha_asignacion,t1_0.fecha_dia,t1_0.fecha_finalizacion,t1_0.fecha_inicio,t1_0.fecha_limite,t1_0.id_grupo_masivo,t1_0.observaciones,t1_0.prioridad,t1_0.id_proyecto_padre,t1_0.id_responsable,t1_0.sub_actividad,t1_0.tipo_actividad,t1_0.tipo_origen,t1_0.titulo from tb_tarea t1_0 where t1_0.activo
Hibernate: select count(pe1_0.id_permiso) from tb_permiso_extra pe1_0 where pe1_0.estado=?
Hibernate: select count(t1_0.id_tarea) from tb_tarea t1_0 join tb_usuario r1_0 on r1_0.id_usuario=t1_0.id_responsable where r1_0.id_usuario=? and t1_0.activo and not(t1_0.es_proyecto) and t1_0.estado<>?
Hibernate: select t1_0.id_tarea,t1_0.id_actividad,t1_0.activo,t1_0.ambito,t1_0.categoria,t1_0.color,t1_0.id_creador,t1_0.descripcion,t1_0.entregable_nombre,t1_0.entregable_ruta,t1_0.es_privada,t1_0.es_proyecto,t1_0.estado,t1_0.fase,t1_0.fecha_asignacion,t1_0.fecha_dia,t1_0.fecha_finalizacion,t1_0.fecha_inicio,t1_0.fecha_limite,t1_0.id_grupo_masivo,t1_0.observaciones,t1_0.prioridad,t1_0.id_proyecto_padre,t1_0.id_responsable,t1_0.sub_actividad,t1_0.tipo_actividad,t1_0.tipo_origen,t1_0.titulo from tb_tarea t1_0 join tb_usuario r1_0 on r1_0.id_usuario=t1_0.id_responsable where r1_0.id_usuario=? and t1_0.ambito=? and t1_0.activo and t1_0.estado<>? and not(t1_0.es_proyecto)
Hibernate: select t1_0.id_tarea,t1_0.id_actividad,t1_0.activo,t1_0.ambito,t1_0.categoria,t1_0.color,t1_0.id_creador,t1_0.descripcion,t1_0.entregable_nombre,t1_0.entregable_ruta,t1_0.es_privada,t1_0.es_proyecto,t1_0.estado,t1_0.fase,t1_0.fecha_asignacion,t1_0.fecha_dia,t1_0.fecha_finalizacion,t1_0.fecha_inicio,t1_0.fecha_limite,t1_0.id_grupo_masivo,t1_0.observaciones,t1_0.prioridad,t1_0.id_proyecto_padre,t1_0.id_responsable,t1_0.sub_actividad,t1_0.tipo_actividad,t1_0.tipo_origen,t1_0.titulo from tb_tarea t1_0 join tb_usuario r1_0 on r1_0.id_usuario=t1_0.id_responsable where r1_0.id_usuario=? and t1_0.ambito=? and t1_0.activo and t1_0.estado<>? and not(t1_0.es_proyecto)
Hibernate: select t1_0.id_tarea,t1_0.id_actividad,t1_0.activo,t1_0.ambito,t1_0.categoria,t1_0.color,t1_0.id_creador,t1_0.descripcion,t1_0.entregable_nombre,t1_0.entregable_ruta,t1_0.es_privada,t1_0.es_proyecto,t1_0.estado,t1_0.fase,t1_0.fecha_asignacion,t1_0.fecha_dia,t1_0.fecha_finalizacion,t1_0.fecha_inicio,t1_0.fecha_limite,t1_0.id_grupo_masivo,t1_0.observaciones,t1_0.prioridad,t1_0.id_proyecto_padre,t1_0.id_responsable,t1_0.sub_actividad,t1_0.tipo_actividad,t1_0.tipo_origen,t1_0.titulo from tb_tarea t1_0 join tb_usuario r1_0 on r1_0.id_usuario=t1_0.id_responsable where r1_0.id_usuario=? and t1_0.estado=? and t1_0.activo
Hibernate: select t1_0.id_tarea,t1_0.id_actividad,t1_0.activo,t1_0.ambito,t1_0.categoria,t1_0.color,t1_0.id_creador,t1_0.descripcion,t1_0.entregable_nombre,t1_0.entregable_ruta,t1_0.es_privada,t1_0.es_proyecto,t1_0.estado,t1_0.fase,t1_0.fecha_asignacion,t1_0.fecha_dia,t1_0.fecha_finalizacion,t1_0.fecha_inicio,t1_0.fecha_limite,t1_0.id_grupo_masivo,t1_0.observaciones,t1_0.prioridad,t1_0.id_proyecto_padre,t1_0.id_responsable,t1_0.sub_actividad,t1_0.tipo_actividad,t1_0.tipo_origen,t1_0.titulo from tb_tarea t1_0 join tb_usuario r1_0 on r1_0.id_usuario=t1_0.id_responsable where r1_0.id_usuario=? and t1_0.activo
Hibernate: select count(t1_0.id_tarea) from tb_tarea t1_0 join tb_usuario r1_0 on r1_0.id_usuario=t1_0.id_responsable where r1_0.id_usuario=? and t1_0.activo and not(t1_0.es_proyecto) and t1_0.estado<>?
Hibernate: select u1_0.id_usuario,u1_0.antecedentes_nombre,u1_0.antecedentes_policiales_nombre,u1_0.apellido_materno,u1_0.apellido_paterno,u1_0.banca_movil,u1_0.banco,u1_0.biografia,u1_0.cargo,u1_0.certiadulto_nombre,u1_0.certificaciones,u1_0.certijoven_nombre,u1_0.contrasenia,u1_0.coordenadas,u1_0.correo,u1_0.cuenta_bancaria,u1_0.cuenta_interbancaria,u1_0.cv_nombre,u1_0.direccion,u1_0.dni,u1_0.estado,u1_0.estado_civil,u1_0.fecha_creacion,u1_0.fecha_ingreso,u1_0.fecha_modificacion,u1_0.fecha_nacimiento,u1_0.foto_perfil,u1_0.foto_id_nombre,u1_0.foto_id_nombre_trasera,u1_0.grupo_sanguineo,u1_0.id_dep,u1_0.id_dist,u1_0.id_prov,u1_0.idiomas,u1_0.instituciones_educativas,u1_0.modalidad,u1_0.nacionalidad,u1_0.nivel_educativo,u1_0.nombre_contacto_emergencia,u1_0.nombres,u1_0.numero_ruc,u1_0.id_rol,u1_0.referencia,u1_0.relacion_contacto_emergencia,u1_0.ruta_cv,u1_0.ruta_antecedentes,u1_0.ruta_antecedentes_policiales,u1_0.ruta_certiadulto,u1_0.ruta_certijoven,u1_0.ruta_foto_id,u1_0.ruta_foto_id_trasera,u1_0.secundaria_fin,u1_0.secundaria_inicio,u1_0.sexo,u1_0.telefono,u1_0.telefono_emergencia,u1_0.tiene_antecedentes,u1_0.tipo_contrato,u1_0.tipo_seguro,u1_0.universidad_fin,u1_0.universidad_inicio from tb_usuario u1_0
Hibernate: select r1_0.id_rol,r1_0.descripcion from tb_rol r1_0 where r1_0.id_rol=?
Hibernate: select count(pe1_0.id_permiso) from tb_permiso_extra pe1_0 where pe1_0.estado=?
Hibernate: select count(t1_0.id_tarea) from tb_tarea t1_0 join tb_usuario r1_0 on r1_0.id_usuario=t1_0.id_responsable where r1_0.id_usuario=? and t1_0.activo and not(t1_0.es_proyecto) and t1_0.estado<>?
Hibernate: select t1_0.id_tarea,t1_0.id_actividad,t1_0.activo,t1_0.ambito,t1_0.categoria,t1_0.color,t1_0.id_creador,t1_0.descripcion,t1_0.entregable_nombre,t1_0.entregable_ruta,t1_0.es_privada,t1_0.es_proyecto,t1_0.estado,t1_0.fase,t1_0.fecha_asignacion,t1_0.fecha_dia,t1_0.fecha_finalizacion,t1_0.fecha_inicio,t1_0.fecha_limite,t1_0.id_grupo_masivo,t1_0.observaciones,t1_0.prioridad,t1_0.id_proyecto_padre,t1_0.id_responsable,t1_0.sub_actividad,t1_0.tipo_actividad,t1_0.tipo_origen,t1_0.titulo from tb_tarea t1_0 join tb_usuario r1_0 on r1_0.id_usuario=t1_0.id_responsable where r1_0.id_usuario=? and t1_0.activo
Hibernate: select count(pe1_0.id_permiso) from tb_permiso_extra pe1_0 where pe1_0.estado=?
Hibernate: select count(t1_0.id_tarea) from tb_tarea t1_0 join tb_usuario r1_0 on r1_0.id_usuario=t1_0.id_responsable where r1_0.id_usuario=? and t1_0.activo and not(t1_0.es_proyecto) and t1_0.estado<>?
Hibernate: select u1_0.id_usuario,u1_0.antecedentes_nombre,u1_0.antecedentes_policiales_nombre,u1_0.apellido_materno,u1_0.apellido_paterno,u1_0.banca_movil,u1_0.banco,u1_0.biografia,u1_0.cargo,u1_0.certiadulto_nombre,u1_0.certificaciones,u1_0.certijoven_nombre,u1_0.contrasenia,u1_0.coordenadas,u1_0.correo,u1_0.cuenta_bancaria,u1_0.cuenta_interbancaria,u1_0.cv_nombre,u1_0.direccion,u1_0.dni,u1_0.estado,u1_0.estado_civil,u1_0.fecha_creacion,u1_0.fecha_ingreso,u1_0.fecha_modificacion,u1_0.fecha_nacimiento,u1_0.foto_perfil,u1_0.foto_id_nombre,u1_0.foto_id_nombre_trasera,u1_0.grupo_sanguineo,u1_0.id_dep,u1_0.id_dist,u1_0.id_prov,u1_0.idiomas,u1_0.instituciones_educativas,u1_0.modalidad,u1_0.nacionalidad,u1_0.nivel_educativo,u1_0.nombre_contacto_emergencia,u1_0.nombres,u1_0.numero_ruc,u1_0.id_rol,u1_0.referencia,u1_0.relacion_contacto_emergencia,u1_0.ruta_cv,u1_0.ruta_antecedentes,u1_0.ruta_antecedentes_policiales,u1_0.ruta_certiadulto,u1_0.ruta_certijoven,u1_0.ruta_foto_id,u1_0.ruta_foto_id_trasera,u1_0.secundaria_fin,u1_0.secundaria_inicio,u1_0.sexo,u1_0.telefono,u1_0.telefono_emergencia,u1_0.tiene_antecedentes,u1_0.tipo_contrato,u1_0.tipo_seguro,u1_0.universidad_fin,u1_0.universidad_inicio from tb_usuario u1_0
Hibernate: select r1_0.id_rol,r1_0.descripcion from tb_rol r1_0 where r1_0.id_rol=?
Hibernate: select t1_0.id_turno,t1_0.entrada,t1_0.salida from tb_turno t1_0
Hibernate: select count(pe1_0.id_permiso) from tb_permiso_extra pe1_0 where pe1_0.estado=?
Hibernate: select pe1_0.id_permiso,pe1_0.id_admin_aprobador,pe1_0.estado,pe1_0.fecha_aprobacion,pe1_0.fecha_solicitud,pe1_0.motivo,pe1_0.usado,pe1_0.id_usuario from tb_permiso_extra pe1_0 where pe1_0.estado=? order by pe1_0.fecha_solicitud desc
Hibernate: select count(pe1_0.id_permiso) from tb_permiso_extra pe1_0 where pe1_0.estado=?
Hibernate: select count(t1_0.id_tarea) from tb_tarea t1_0 join tb_usuario r1_0 on r1_0.id_usuario=t1_0.id_responsable where r1_0.id_usuario=? and t1_0.activo and not(t1_0.es_proyecto) and t1_0.estado<>?
Hibernate: select count(pe1_0.id_permiso) from tb_permiso_extra pe1_0 where pe1_0.estado=?
Hibernate: select u1_0.id_usuario,u1_0.antecedentes_nombre,u1_0.antecedentes_policiales_nombre,u1_0.apellido_materno,u1_0.apellido_paterno,u1_0.banca_movil,u1_0.banco,u1_0.biografia,u1_0.cargo,u1_0.certiadulto_nombre,u1_0.certificaciones,u1_0.certijoven_nombre,u1_0.contrasenia,u1_0.coordenadas,u1_0.correo,u1_0.cuenta_bancaria,u1_0.cuenta_interbancaria,u1_0.cv_nombre,u1_0.direccion,u1_0.dni,u1_0.estado,u1_0.estado_civil,u1_0.fecha_creacion,u1_0.fecha_ingreso,u1_0.fecha_modificacion,u1_0.fecha_nacimiento,u1_0.foto_perfil,u1_0.foto_id_nombre,u1_0.foto_id_nombre_trasera,u1_0.grupo_sanguineo,u1_0.id_dep,u1_0.id_dist,u1_0.id_prov,u1_0.idiomas,u1_0.instituciones_educativas,u1_0.modalidad,u1_0.nacionalidad,u1_0.nivel_educativo,u1_0.nombre_contacto_emergencia,u1_0.nombres,u1_0.numero_ruc,u1_0.id_rol,u1_0.referencia,u1_0.relacion_contacto_emergencia,u1_0.ruta_cv,u1_0.ruta_antecedentes,u1_0.ruta_antecedentes_policiales,u1_0.ruta_certiadulto,u1_0.ruta_certijoven,u1_0.ruta_foto_id,u1_0.ruta_foto_id_trasera,u1_0.secundaria_fin,u1_0.secundaria_inicio,u1_0.sexo,u1_0.telefono,u1_0.telefono_emergencia,u1_0.tiene_antecedentes,u1_0.tipo_contrato,u1_0.tipo_seguro,u1_0.universidad_fin,u1_0.universidad_inicio from tb_usuario u1_0
Hibernate: select r1_0.id_rol,r1_0.descripcion from tb_rol r1_0 where r1_0.id_rol=?
Hibernate: select h1_0.id_horario,h1_0.dia,h1_0.id_turno,h1_0.id_usuario from tb_horario h1_0 left join tb_usuario u1_0 on u1_0.id_usuario=h1_0.id_usuario where u1_0.id_usuario=? order by h1_0.dia
Hibernate: select a1_0.id_asistencia,a1_0.estado_asistencia,a1_0.fecha,a1_0.hora_entrada,a1_0.hora_salida,a1_0.horas_trabajadas,a1_0.minutos_extra,a1_0.minutos_tardanza,a1_0.ubicacion,a1_0.id_usuario from tb_asistencia a1_0 where a1_0.id_usuario=? and a1_0.fecha=current_date and a1_0.hora_salida is null
Hibernate: select count(pe1_0.id_permiso) from tb_permiso_extra pe1_0 where pe1_0.estado=?
Hibernate: select count(t1_0.id_tarea) from tb_tarea t1_0 join tb_usuario r1_0 on r1_0.id_usuario=t1_0.id_responsable where r1_0.id_usuario=? and t1_0.activo and not(t1_0.es_proyecto) and t1_0.estado<>?
Hibernate: select count(pe1_0.id_permiso) from tb_permiso_extra pe1_0 where pe1_0.estado=?
Hibernate: select u1_0.id_usuario,u1_0.antecedentes_nombre,u1_0.antecedentes_policiales_nombre,u1_0.apellido_materno,u1_0.apellido_paterno,u1_0.banca_movil,u1_0.banco,u1_0.biografia,u1_0.cargo,u1_0.certiadulto_nombre,u1_0.certificaciones,u1_0.certijoven_nombre,u1_0.contrasenia,u1_0.coordenadas,u1_0.correo,u1_0.cuenta_bancaria,u1_0.cuenta_interbancaria,u1_0.cv_nombre,u1_0.direccion,u1_0.dni,u1_0.estado,u1_0.estado_civil,u1_0.fecha_creacion,u1_0.fecha_ingreso,u1_0.fecha_modificacion,u1_0.fecha_nacimiento,u1_0.foto_perfil,u1_0.foto_id_nombre,u1_0.foto_id_nombre_trasera,u1_0.grupo_sanguineo,u1_0.id_dep,u1_0.id_dist,u1_0.id_prov,u1_0.idiomas,u1_0.instituciones_educativas,u1_0.modalidad,u1_0.nacionalidad,u1_0.nivel_educativo,u1_0.nombre_contacto_emergencia,u1_0.nombres,u1_0.numero_ruc,u1_0.id_rol,u1_0.referencia,u1_0.relacion_contacto_emergencia,u1_0.ruta_cv,u1_0.ruta_antecedentes,u1_0.ruta_antecedentes_policiales,u1_0.ruta_certiadulto,u1_0.ruta_certijoven,u1_0.ruta_foto_id,u1_0.ruta_foto_id_trasera,u1_0.secundaria_fin,u1_0.secundaria_inicio,u1_0.sexo,u1_0.telefono,u1_0.telefono_emergencia,u1_0.tiene_antecedentes,u1_0.tipo_contrato,u1_0.tipo_seguro,u1_0.universidad_fin,u1_0.universidad_inicio from tb_usuario u1_0
Hibernate: select r1_0.id_rol,r1_0.descripcion from tb_rol r1_0 where r1_0.id_rol=?
Hibernate: select h1_0.id_horario,h1_0.dia,h1_0.id_turno,h1_0.id_usuario from tb_horario h1_0 left join tb_usuario u1_0 on u1_0.id_usuario=h1_0.id_usuario where u1_0.id_usuario=? order by h1_0.dia
Hibernate: select a1_0.id_asistencia,a1_0.estado_asistencia,a1_0.fecha,a1_0.hora_entrada,a1_0.hora_salida,a1_0.horas_trabajadas,a1_0.minutos_extra,a1_0.minutos_tardanza,a1_0.ubicacion,a1_0.id_usuario from tb_asistencia a1_0 where a1_0.id_usuario=? and a1_0.fecha=current_date and a1_0.hora_salida is null
Hibernate: select count(pe1_0.id_permiso) from tb_permiso_extra pe1_0 where pe1_0.estado=?
Hibernate: select count(t1_0.id_tarea) from tb_tarea t1_0 join tb_usuario r1_0 on r1_0.id_usuario=t1_0.id_responsable where r1_0.id_usuario=? and t1_0.activo and not(t1_0.es_proyecto) and t1_0.estado<>?
Hibernate: select count(pe1_0.id_permiso) from tb_permiso_extra pe1_0 where pe1_0.estado=?
Hibernate: select u1_0.id_usuario,u1_0.antecedentes_nombre,u1_0.antecedentes_policiales_nombre,u1_0.apellido_materno,u1_0.apellido_paterno,u1_0.banca_movil,u1_0.banco,u1_0.biografia,u1_0.cargo,u1_0.certiadulto_nombre,u1_0.certificaciones,u1_0.certijoven_nombre,u1_0.contrasenia,u1_0.coordenadas,u1_0.correo,u1_0.cuenta_bancaria,u1_0.cuenta_interbancaria,u1_0.cv_nombre,u1_0.direccion,u1_0.dni,u1_0.estado,u1_0.estado_civil,u1_0.fecha_creacion,u1_0.fecha_ingreso,u1_0.fecha_modificacion,u1_0.fecha_nacimiento,u1_0.foto_perfil,u1_0.foto_id_nombre,u1_0.foto_id_nombre_trasera,u1_0.grupo_sanguineo,u1_0.id_dep,u1_0.id_dist,u1_0.id_prov,u1_0.idiomas,u1_0.instituciones_educativas,u1_0.modalidad,u1_0.nacionalidad,u1_0.nivel_educativo,u1_0.nombre_contacto_emergencia,u1_0.nombres,u1_0.numero_ruc,u1_0.id_rol,u1_0.referencia,u1_0.relacion_contacto_emergencia,u1_0.ruta_cv,u1_0.ruta_antecedentes,u1_0.ruta_antecedentes_policiales,u1_0.ruta_certiadulto,u1_0.ruta_certijoven,u1_0.ruta_foto_id,u1_0.ruta_foto_id_trasera,u1_0.secundaria_fin,u1_0.secundaria_inicio,u1_0.sexo,u1_0.telefono,u1_0.telefono_emergencia,u1_0.tiene_antecedentes,u1_0.tipo_contrato,u1_0.tipo_seguro,u1_0.universidad_fin,u1_0.universidad_inicio from tb_usuario u1_0
Hibernate: select r1_0.id_rol,r1_0.descripcion from tb_rol r1_0 where r1_0.id_rol=?
Hibernate: select h1_0.id_horario,h1_0.dia,h1_0.id_turno,h1_0.id_usuario from tb_horario h1_0 left join tb_usuario u1_0 on u1_0.id_usuario=h1_0.id_usuario where u1_0.id_usuario=? order by h1_0.dia
Hibernate: select a1_0.id_asistencia,a1_0.estado_asistencia,a1_0.fecha,a1_0.hora_entrada,a1_0.hora_salida,a1_0.horas_trabajadas,a1_0.minutos_extra,a1_0.minutos_tardanza,a1_0.ubicacion,a1_0.id_usuario from tb_asistencia a1_0 where a1_0.id_usuario=? and a1_0.fecha=current_date and a1_0.hora_salida is null
Hibernate: select count(pe1_0.id_permiso) from tb_permiso_extra pe1_0 where pe1_0.estado=?
Hibernate: select count(t1_0.id_tarea) from tb_tarea t1_0 join tb_usuario r1_0 on r1_0.id_usuario=t1_0.id_responsable where r1_0.id_usuario=? and t1_0.activo and not(t1_0.es_proyecto) and t1_0.estado<>?
Hibernate: select u1_0.id_usuario,u1_0.antecedentes_nombre,u1_0.antecedentes_policiales_nombre,u1_0.apellido_materno,u1_0.apellido_paterno,u1_0.banca_movil,u1_0.banco,u1_0.biografia,u1_0.cargo,u1_0.certiadulto_nombre,u1_0.certificaciones,u1_0.certijoven_nombre,u1_0.contrasenia,u1_0.coordenadas,u1_0.correo,u1_0.cuenta_bancaria,u1_0.cuenta_interbancaria,u1_0.cv_nombre,u1_0.direccion,u1_0.dni,u1_0.estado,u1_0.estado_civil,u1_0.fecha_creacion,u1_0.fecha_ingreso,u1_0.fecha_modificacion,u1_0.fecha_nacimiento,u1_0.foto_perfil,u1_0.foto_id_nombre,u1_0.foto_id_nombre_trasera,u1_0.grupo_sanguineo,u1_0.id_dep,u1_0.id_dist,u1_0.id_prov,u1_0.idiomas,u1_0.instituciones_educativas,u1_0.modalidad,u1_0.nacionalidad,u1_0.nivel_educativo,u1_0.nombre_contacto_emergencia,u1_0.nombres,u1_0.numero_ruc,u1_0.id_rol,u1_0.referencia,u1_0.relacion_contacto_emergencia,u1_0.ruta_cv,u1_0.ruta_antecedentes,u1_0.ruta_antecedentes_policiales,u1_0.ruta_certiadulto,u1_0.ruta_certijoven,u1_0.ruta_foto_id,u1_0.ruta_foto_id_trasera,u1_0.secundaria_fin,u1_0.secundaria_inicio,u1_0.sexo,u1_0.telefono,u1_0.telefono_emergencia,u1_0.tiene_antecedentes,u1_0.tipo_contrato,u1_0.tipo_seguro,u1_0.universidad_fin,u1_0.universidad_inicio from tb_usuario u1_0
Hibernate: select r1_0.id_rol,r1_0.descripcion from tb_rol r1_0 where r1_0.id_rol=?
Hibernate: select h1_0.id_horario,h1_0.dia,h1_0.id_turno,h1_0.id_usuario from tb_horario h1_0 left join tb_usuario u1_0 on u1_0.id_usuario=h1_0.id_usuario where u1_0.id_usuario=? order by h1_0.dia
Hibernate: select h1_0.id_horario,h1_0.dia,h1_0.id_turno,h1_0.id_usuario from tb_horario h1_0 left join tb_usuario u1_0 on u1_0.id_usuario=h1_0.id_usuario where u1_0.id_usuario=? order by h1_0.dia
Hibernate: select a1_0.id_asistencia,a1_0.estado_asistencia,a1_0.fecha,a1_0.hora_entrada,a1_0.hora_salida,a1_0.horas_trabajadas,a1_0.minutos_extra,a1_0.minutos_tardanza,a1_0.ubicacion,a1_0.id_usuario from tb_asistencia a1_0 left join tb_usuario u1_0 on u1_0.id_usuario=a1_0.id_usuario where u1_0.id_usuario=? and a1_0.fecha between ? and ? order by a1_0.fecha
Hibernate: select i1_0.id_informe,i1_0.id_asistencia,i1_0.nombre_archivo,i1_0.ruta_archivo from tb_informe i1_0 left join tb_asistencia a1_0 on a1_0.id_asistencia=i1_0.id_asistencia where a1_0.fecha between ? and ?
Hibernate: select a1_0.id_asistencia,a1_0.estado_asistencia,a1_0.fecha,a1_0.hora_entrada,a1_0.hora_salida,a1_0.horas_trabajadas,a1_0.minutos_extra,a1_0.minutos_tardanza,a1_0.ubicacion,a1_0.id_usuario from tb_asistencia a1_0 where a1_0.fecha between ? and ? order by a1_0.fecha desc,a1_0.hora_entrada desc
Hibernate: select count(pe1_0.id_permiso) from tb_permiso_extra pe1_0 where pe1_0.estado=?
Hibernate: select count(t1_0.id_tarea) from tb_tarea t1_0 join tb_usuario r1_0 on r1_0.id_usuario=t1_0.id_responsable where r1_0.id_usuario=? and t1_0.activo and not(t1_0.es_proyecto) and t1_0.estado<>?
Hibernate: select ri1_0.id_revision,ri1_0.anio,ri1_0.mes,ri1_0.revisado,ri1_0.updated_at,ri1_0.id_usuario from tb_revision_informes ri1_0 where ri1_0.anio=? and ri1_0.mes=?
Hibernate: select count(pe1_0.id_permiso) from tb_permiso_extra pe1_0 where pe1_0.estado=?
Hibernate: select count(t1_0.id_tarea) from tb_tarea t1_0 join tb_usuario r1_0 on r1_0.id_usuario=t1_0.id_responsable where r1_0.id_usuario=? and t1_0.activo and not(t1_0.es_proyecto) and t1_0.estado<>?
Hibernate: select i1_0.id_ingreso,i1_0.mes,i1_0.monto from tb_ingreso i1_0
Hibernate: select count(pe1_0.id_permiso) from tb_permiso_extra pe1_0 where pe1_0.estado=?
Hibernate: select count(t1_0.id_tarea) from tb_tarea t1_0 join tb_usuario r1_0 on r1_0.id_usuario=t1_0.id_responsable where r1_0.id_usuario=? and t1_0.activo and not(t1_0.es_proyecto) and t1_0.estado<>?
Hibernate: select p1_0.id_producto,p1_0.aplica_asignacion,p1_0.cantidad,p1_0.cliente,p1_0.codigo_factura,p1_0.comprador,p1_0.descripcion_breve,p1_0.descripcion_producto,p1_0.emisor,p1_0.estado_producto,p1_0.fecha_asignacion,p1_0.fecha_compra,p1_0.foto_factura,p1_0.foto_producto,p1_0.garantia,p1_0.id_ingreso,p1_0.local_destino,p1_0.nombre,p1_0.numero_ruc,p1_0.numero_serie,p1_0.precio,p1_0.propiedad,p1_0.responsable,p1_0.tiempo_uso,p1_0.tipo_transferencia from tb_producto p1_0 join tb_ingreso i1_0 on i1_0.id_ingreso=p1_0.id_ingreso where (? is null or ?='' or lower(coalesce(p1_0.nombre,'')) like replace(lower(concat('%',?,'%')),'\\','\\\\') or lower(coalesce(p1_0.numero_serie,'')) like replace(lower(concat('%',?,'%')),'\\','\\\\') or lower(coalesce(p1_0.comprador,'')) like replace(lower(concat('%',?,'%')),'\\','\\\\') or lower(coalesce(p1_0.local_destino,'')) like replace(lower(concat('%',?,'%')),'\\','\\\\') or lower(coalesce(p1_0.numero_ruc,'')) like replace(lower(concat('%',?,'%')),'\\','\\\\') or lower(coalesce(p1_0.responsable,'')) like replace(lower(concat('%',?,'%')),'\\','\\\\') or lower(coalesce(p1_0.emisor,'')) like replace(lower(concat('%',?,'%')),'\\','\\\\') or lower(coalesce(p1_0.cliente,'')) like replace(lower(concat('%',?,'%')),'\\','\\\\')) and (? is null or ?='' or lower(coalesce(p1_0.local_destino,''))=lower(?)) and (? is null or ?='' or lower(coalesce(p1_0.propiedad,''))=lower(?)) and (? is null or ?='' or lower(coalesce(p1_0.comprador,''))=lower(?)) and (? is null or ?='' or lower(coalesce(p1_0.responsable,''))=lower(?)) and (? is null or ?='' or lower(coalesce(p1_0.emisor,''))=lower(?)) and (? is null or ?='' or lower(coalesce(p1_0.estado_producto,''))=lower(?)) and (? is null or ?='' or upper(coalesce(p1_0.aplica_asignacion,''))=upper(?)) order by i1_0.mes,p1_0.id_producto limit ?
Hibernate: select coalesce(sum((p1_0.precio*p1_0.cantidad)),0) from tb_producto p1_0 where (? is null or ?='' or lower(coalesce(p1_0.nombre,'')) like replace(lower(concat('%',?,'%')),'\\','\\\\') or lower(coalesce(p1_0.numero_serie,'')) like replace(lower(concat('%',?,'%')),'\\','\\\\') or lower(coalesce(p1_0.comprador,'')) like replace(lower(concat('%',?,'%')),'\\','\\\\') or lower(coalesce(p1_0.local_destino,'')) like replace(lower(concat('%',?,'%')),'\\','\\\\') or lower(coalesce(p1_0.numero_ruc,'')) like replace(lower(concat('%',?,'%')),'\\','\\\\') or lower(coalesce(p1_0.responsable,'')) like replace(lower(concat('%',?,'%')),'\\','\\\\') or lower(coalesce(p1_0.emisor,'')) like replace(lower(concat('%',?,'%')),'\\','\\\\') or lower(coalesce(p1_0.cliente,'')) like replace(lower(concat('%',?,'%')),'\\','\\\\')) and (? is null or ?='' or lower(coalesce(p1_0.local_destino,''))=lower(?)) and (? is null or ?='' or lower(coalesce(p1_0.propiedad,''))=lower(?)) and (? is null or ?='' or lower(coalesce(p1_0.comprador,''))=lower(?)) and (? is null or ?='' or lower(coalesce(p1_0.responsable,''))=lower(?)) and (? is null or ?='' or lower(coalesce(p1_0.emisor,''))=lower(?)) and (? is null or ?='' or lower(coalesce(p1_0.estado_producto,''))=lower(?)) and (? is null or ?='' or upper(coalesce(p1_0.aplica_asignacion,''))=upper(?))
Hibernate: select distinct p1_0.local_destino from tb_producto p1_0 where p1_0.local_destino is not null and trim(BOTH from p1_0.local_destino)<>'' order by p1_0.local_destino
Hibernate: select distinct p1_0.propiedad from tb_producto p1_0 where p1_0.propiedad is not null and trim(BOTH from p1_0.propiedad)<>'' order by p1_0.propiedad
Hibernate: select distinct p1_0.comprador from tb_producto p1_0 where p1_0.comprador is not null and trim(BOTH from p1_0.comprador)<>'' order by p1_0.comprador
Hibernate: select distinct p1_0.responsable from tb_producto p1_0 where p1_0.responsable is not null and trim(BOTH from p1_0.responsable)<>'' order by p1_0.responsable
Hibernate: select distinct p1_0.emisor from tb_producto p1_0 where p1_0.emisor is not null and trim(BOTH from p1_0.emisor)<>'' order by p1_0.emisor
